ARM GAS  /tmp/ccXO4H25.s 			page 1


   1              		.cpu cortex-m3
   2              		.arch armv7-m
   3              		.fpu softvfp
   4              		.eabi_attribute 20, 1
   5              		.eabi_attribute 21, 1
   6              		.eabi_attribute 23, 3
   7              		.eabi_attribute 24, 1
   8              		.eabi_attribute 25, 1
   9              		.eabi_attribute 26, 1
  10              		.eabi_attribute 30, 4
  11              		.eabi_attribute 34, 1
  12              		.eabi_attribute 18, 4
  13              		.file	"gpio.c"
  14              		.text
  15              	.Ltext0:
  16              		.cfi_sections	.debug_frame
  17              		.file 1 "Core/Src/gpio.c"
  18              		.section	.text.MX_GPIO_Init,"ax",%progbits
  19              		.align	1
  20              		.global	MX_GPIO_Init
  21              		.syntax unified
  22              		.thumb
  23              		.thumb_func
  25              	MX_GPIO_Init:
  26              	.LFB65:
   1:Core/Src/gpio.c **** /* USER CODE BEGIN Header */
   2:Core/Src/gpio.c **** /**
   3:Core/Src/gpio.c ****   ******************************************************************************
   4:Core/Src/gpio.c ****   * @file    gpio.c
   5:Core/Src/gpio.c ****   * @brief   This file provides code for the configuration
   6:Core/Src/gpio.c ****   *          of all used GPIO pins.
   7:Core/Src/gpio.c ****   ******************************************************************************
   8:Core/Src/gpio.c ****   * @attention
   9:Core/Src/gpio.c ****   *
  10:Core/Src/gpio.c ****   * Copyright (c) 2024 STMicroelectronics.
  11:Core/Src/gpio.c ****   * All rights reserved.
  12:Core/Src/gpio.c ****   *
  13:Core/Src/gpio.c ****   * This software is licensed under terms that can be found in the LICENSE file
  14:Core/Src/gpio.c ****   * in the root directory of this software component.
  15:Core/Src/gpio.c ****   * If no LICENSE file comes with this software, it is provided AS-IS.
  16:Core/Src/gpio.c ****   *
  17:Core/Src/gpio.c ****   ******************************************************************************
  18:Core/Src/gpio.c ****   */
  19:Core/Src/gpio.c **** /* USER CODE END Header */
  20:Core/Src/gpio.c **** 
  21:Core/Src/gpio.c **** /* Includes ------------------------------------------------------------------*/
  22:Core/Src/gpio.c **** #include "gpio.h"
  23:Core/Src/gpio.c **** 
  24:Core/Src/gpio.c **** /* USER CODE BEGIN 0 */
  25:Core/Src/gpio.c **** 
  26:Core/Src/gpio.c **** /* USER CODE END 0 */
  27:Core/Src/gpio.c **** 
  28:Core/Src/gpio.c **** /*----------------------------------------------------------------------------*/
  29:Core/Src/gpio.c **** /* Configure GPIO                                                             */
  30:Core/Src/gpio.c **** /*----------------------------------------------------------------------------*/
  31:Core/Src/gpio.c **** /* USER CODE BEGIN 1 */
  32:Core/Src/gpio.c **** 
ARM GAS  /tmp/ccXO4H25.s 			page 2


  33:Core/Src/gpio.c **** /* USER CODE END 1 */
  34:Core/Src/gpio.c **** 
  35:Core/Src/gpio.c **** /** Configure pins as
  36:Core/Src/gpio.c ****         * Analog
  37:Core/Src/gpio.c ****         * Input
  38:Core/Src/gpio.c ****         * Output
  39:Core/Src/gpio.c ****         * EVENT_OUT
  40:Core/Src/gpio.c ****         * EXTI
  41:Core/Src/gpio.c **** */
  42:Core/Src/gpio.c **** void MX_GPIO_Init(void)
  43:Core/Src/gpio.c **** {
  27              		.loc 1 43 1 view -0
  28              		.cfi_startproc
  29              		@ args = 0, pretend = 0, frame = 32
  30              		@ frame_needed = 0, uses_anonymous_args = 0
  44:Core/Src/gpio.c **** 
  45:Core/Src/gpio.c ****   GPIO_InitTypeDef GPIO_InitStruct = {0};
  31              		.loc 1 45 3 view .LVU1
  32              		.loc 1 45 20 is_stmt 0 view .LVU2
  33 0000 1022     		movs	r2, #16
  43:Core/Src/gpio.c **** 
  34              		.loc 1 43 1 view .LVU3
  35 0002 30B5     		push	{r4, r5, lr}
  36              		.cfi_def_cfa_offset 12
  37              		.cfi_offset 4, -12
  38              		.cfi_offset 5, -8
  39              		.cfi_offset 14, -4
  40 0004 89B0     		sub	sp, sp, #36
  41              		.cfi_def_cfa_offset 48
  42              		.loc 1 45 20 view .LVU4
  43 0006 0DEB0200 		add	r0, sp, r2
  44 000a 0021     		movs	r1, #0
  45 000c FFF7FEFF 		bl	memset
  46              	.LVL0:
  46:Core/Src/gpio.c **** 
  47:Core/Src/gpio.c ****   /* GPIO Ports Clock Enable */
  48:Core/Src/gpio.c ****   __HAL_RCC_GPIOC_CLK_ENABLE();
  47              		.loc 1 48 3 is_stmt 1 view .LVU5
  48              	.LBB2:
  49              		.loc 1 48 3 view .LVU6
  50              		.loc 1 48 3 view .LVU7
  51 0010 264B     		ldr	r3, .L2
  52              	.LBE2:
  49:Core/Src/gpio.c ****   __HAL_RCC_GPIOD_CLK_ENABLE();
  50:Core/Src/gpio.c ****   __HAL_RCC_GPIOA_CLK_ENABLE();
  51:Core/Src/gpio.c ****   __HAL_RCC_GPIOB_CLK_ENABLE();
  52:Core/Src/gpio.c **** 
  53:Core/Src/gpio.c ****   /*Configure GPIO pin Output Level */
  54:Core/Src/gpio.c ****   HAL_GPIO_WritePin(OUT_LED_GPIO_Port, OUT_LED_Pin, GPIO_PIN_SET);
  53              		.loc 1 54 3 is_stmt 0 view .LVU8
  54 0012 274D     		ldr	r5, .L2+4
  55              	.LBB3:
  48:Core/Src/gpio.c ****   __HAL_RCC_GPIOD_CLK_ENABLE();
  56              		.loc 1 48 3 view .LVU9
  57 0014 9A69     		ldr	r2, [r3, #24]
  58              	.LBE3:
  59              		.loc 1 54 3 view .LVU10
ARM GAS  /tmp/ccXO4H25.s 			page 3


  60 0016 2846     		mov	r0, r5
  61              	.LBB4:
  48:Core/Src/gpio.c ****   __HAL_RCC_GPIOD_CLK_ENABLE();
  62              		.loc 1 48 3 view .LVU11
  63 0018 42F01002 		orr	r2, r2, #16
  64 001c 9A61     		str	r2, [r3, #24]
  48:Core/Src/gpio.c ****   __HAL_RCC_GPIOD_CLK_ENABLE();
  65              		.loc 1 48 3 is_stmt 1 view .LVU12
  66 001e 9A69     		ldr	r2, [r3, #24]
  67              	.LBE4:
  68              		.loc 1 54 3 is_stmt 0 view .LVU13
  69 0020 4FF40051 		mov	r1, #8192
  70              	.LBB5:
  48:Core/Src/gpio.c ****   __HAL_RCC_GPIOD_CLK_ENABLE();
  71              		.loc 1 48 3 view .LVU14
  72 0024 02F01002 		and	r2, r2, #16
  73 0028 0092     		str	r2, [sp]
  48:Core/Src/gpio.c ****   __HAL_RCC_GPIOD_CLK_ENABLE();
  74              		.loc 1 48 3 is_stmt 1 view .LVU15
  75 002a 009A     		ldr	r2, [sp]
  76              	.LBE5:
  48:Core/Src/gpio.c ****   __HAL_RCC_GPIOD_CLK_ENABLE();
  77              		.loc 1 48 3 view .LVU16
  49:Core/Src/gpio.c ****   __HAL_RCC_GPIOD_CLK_ENABLE();
  78              		.loc 1 49 3 view .LVU17
  79              	.LBB6:
  49:Core/Src/gpio.c ****   __HAL_RCC_GPIOD_CLK_ENABLE();
  80              		.loc 1 49 3 view .LVU18
  49:Core/Src/gpio.c ****   __HAL_RCC_GPIOD_CLK_ENABLE();
  81              		.loc 1 49 3 view .LVU19
  82 002c 9A69     		ldr	r2, [r3, #24]
  83              	.LBE6:
  55:Core/Src/gpio.c **** 
  56:Core/Src/gpio.c ****   /*Configure GPIO pin : PtPin */
  57:Core/Src/gpio.c ****   GPIO_InitStruct.Pin = OUT_LED_Pin;
  58:Core/Src/gpio.c ****   GPIO_InitStruct.Mode = GPIO_MODE_OUTPUT_OD;
  59:Core/Src/gpio.c ****   GPIO_InitStruct.Pull = GPIO_NOPULL;
  60:Core/Src/gpio.c ****   GPIO_InitStruct.Speed = GPIO_SPEED_FREQ_LOW;
  84              		.loc 1 60 25 is_stmt 0 view .LVU20
  85 002e 0024     		movs	r4, #0
  86              	.LBB7:
  49:Core/Src/gpio.c ****   __HAL_RCC_GPIOA_CLK_ENABLE();
  87              		.loc 1 49 3 view .LVU21
  88 0030 42F02002 		orr	r2, r2, #32
  89 0034 9A61     		str	r2, [r3, #24]
  49:Core/Src/gpio.c ****   __HAL_RCC_GPIOA_CLK_ENABLE();
  90              		.loc 1 49 3 is_stmt 1 view .LVU22
  91 0036 9A69     		ldr	r2, [r3, #24]
  92 0038 02F02002 		and	r2, r2, #32
  93 003c 0192     		str	r2, [sp, #4]
  49:Core/Src/gpio.c ****   __HAL_RCC_GPIOA_CLK_ENABLE();
  94              		.loc 1 49 3 view .LVU23
  95 003e 019A     		ldr	r2, [sp, #4]
  96              	.LBE7:
  49:Core/Src/gpio.c ****   __HAL_RCC_GPIOA_CLK_ENABLE();
  97              		.loc 1 49 3 view .LVU24
  50:Core/Src/gpio.c ****   __HAL_RCC_GPIOB_CLK_ENABLE();
ARM GAS  /tmp/ccXO4H25.s 			page 4


  98              		.loc 1 50 3 view .LVU25
  99              	.LBB8:
  50:Core/Src/gpio.c ****   __HAL_RCC_GPIOB_CLK_ENABLE();
 100              		.loc 1 50 3 view .LVU26
  50:Core/Src/gpio.c ****   __HAL_RCC_GPIOB_CLK_ENABLE();
 101              		.loc 1 50 3 view .LVU27
 102 0040 9A69     		ldr	r2, [r3, #24]
 103 0042 42F00402 		orr	r2, r2, #4
 104 0046 9A61     		str	r2, [r3, #24]
  50:Core/Src/gpio.c ****   __HAL_RCC_GPIOB_CLK_ENABLE();
 105              		.loc 1 50 3 view .LVU28
 106 0048 9A69     		ldr	r2, [r3, #24]
 107 004a 02F00402 		and	r2, r2, #4
 108 004e 0292     		str	r2, [sp, #8]
  50:Core/Src/gpio.c ****   __HAL_RCC_GPIOB_CLK_ENABLE();
 109              		.loc 1 50 3 view .LVU29
 110 0050 029A     		ldr	r2, [sp, #8]
 111              	.LBE8:
  50:Core/Src/gpio.c ****   __HAL_RCC_GPIOB_CLK_ENABLE();
 112              		.loc 1 50 3 view .LVU30
  51:Core/Src/gpio.c **** 
 113              		.loc 1 51 3 view .LVU31
 114              	.LBB9:
  51:Core/Src/gpio.c **** 
 115              		.loc 1 51 3 view .LVU32
  51:Core/Src/gpio.c **** 
 116              		.loc 1 51 3 view .LVU33
 117 0052 9A69     		ldr	r2, [r3, #24]
 118 0054 42F00802 		orr	r2, r2, #8
 119 0058 9A61     		str	r2, [r3, #24]
  51:Core/Src/gpio.c **** 
 120              		.loc 1 51 3 view .LVU34
 121 005a 9B69     		ldr	r3, [r3, #24]
 122              	.LBE9:
  54:Core/Src/gpio.c **** 
 123              		.loc 1 54 3 is_stmt 0 view .LVU35
 124 005c 0122     		movs	r2, #1
 125              	.LBB10:
  51:Core/Src/gpio.c **** 
 126              		.loc 1 51 3 view .LVU36
 127 005e 03F00803 		and	r3, r3, #8
 128 0062 0393     		str	r3, [sp, #12]
  51:Core/Src/gpio.c **** 
 129              		.loc 1 51 3 is_stmt 1 view .LVU37
 130 0064 039B     		ldr	r3, [sp, #12]
 131              	.LBE10:
  51:Core/Src/gpio.c **** 
 132              		.loc 1 51 3 view .LVU38
  54:Core/Src/gpio.c **** 
 133              		.loc 1 54 3 view .LVU39
 134 0066 FFF7FEFF 		bl	HAL_GPIO_WritePin
 135              	.LVL1:
  57:Core/Src/gpio.c ****   GPIO_InitStruct.Mode = GPIO_MODE_OUTPUT_OD;
 136              		.loc 1 57 3 view .LVU40
  58:Core/Src/gpio.c ****   GPIO_InitStruct.Pull = GPIO_NOPULL;
 137              		.loc 1 58 24 is_stmt 0 view .LVU41
 138 006a 4FF40052 		mov	r2, #8192
ARM GAS  /tmp/ccXO4H25.s 			page 5


 139 006e 1123     		movs	r3, #17
 140 0070 CDE90423 		strd	r2, r3, [sp, #16]
  59:Core/Src/gpio.c ****   GPIO_InitStruct.Speed = GPIO_SPEED_FREQ_LOW;
 141              		.loc 1 59 3 is_stmt 1 view .LVU42
 142              		.loc 1 60 25 is_stmt 0 view .LVU43
 143 0074 0223     		movs	r3, #2
  61:Core/Src/gpio.c ****   HAL_GPIO_Init(OUT_LED_GPIO_Port, &GPIO_InitStruct);
 144              		.loc 1 61 3 view .LVU44
 145 0076 2846     		mov	r0, r5
 146 0078 04A9     		add	r1, sp, #16
  60:Core/Src/gpio.c ****   HAL_GPIO_Init(OUT_LED_GPIO_Port, &GPIO_InitStruct);
 147              		.loc 1 60 25 view .LVU45
 148 007a CDE90643 		strd	r4, r3, [sp, #24]
 149              		.loc 1 61 3 is_stmt 1 view .LVU46
 150 007e FFF7FEFF 		bl	HAL_GPIO_Init
 151              	.LVL2:
  62:Core/Src/gpio.c **** 
  63:Core/Src/gpio.c ****   /*Configure GPIO pins : PBPin PBPin PBPin PBPin
  64:Core/Src/gpio.c ****                            PBPin PBPin PBPin */
  65:Core/Src/gpio.c ****   GPIO_InitStruct.Pin = IN_X_N_Pin|IN_X_P_Pin|IN_Y_N_Pin|IN_Y_P_Pin
 152              		.loc 1 65 3 view .LVU47
 153              		.loc 1 65 23 is_stmt 0 view .LVU48
 154 0082 4FF23803 		movw	r3, #61496
  66:Core/Src/gpio.c ****                           |IN_A_P_Pin|IN_SPIN_N_Pin|IN_SPIN_P_Pin;
  67:Core/Src/gpio.c ****   GPIO_InitStruct.Mode = GPIO_MODE_INPUT;
  68:Core/Src/gpio.c ****   GPIO_InitStruct.Pull = GPIO_NOPULL;
  69:Core/Src/gpio.c ****   HAL_GPIO_Init(GPIOB, &GPIO_InitStruct);
 155              		.loc 1 69 3 view .LVU49
 156 0086 04A9     		add	r1, sp, #16
 157 0088 0A48     		ldr	r0, .L2+8
  67:Core/Src/gpio.c ****   GPIO_InitStruct.Pull = GPIO_NOPULL;
 158              		.loc 1 67 24 view .LVU50
 159 008a CDE90434 		strd	r3, r4, [sp, #16]
  68:Core/Src/gpio.c ****   HAL_GPIO_Init(GPIOB, &GPIO_InitStruct);
 160              		.loc 1 68 3 is_stmt 1 view .LVU51
  68:Core/Src/gpio.c ****   HAL_GPIO_Init(GPIOB, &GPIO_InitStruct);
 161              		.loc 1 68 24 is_stmt 0 view .LVU52
 162 008e 0694     		str	r4, [sp, #24]
 163              		.loc 1 69 3 is_stmt 1 view .LVU53
 164 0090 FFF7FEFF 		bl	HAL_GPIO_Init
 165              	.LVL3:
  70:Core/Src/gpio.c **** 
  71:Core/Src/gpio.c ****   /*Configure GPIO pins : PAPin PAPin PAPin PAPin */
  72:Core/Src/gpio.c ****   GPIO_InitStruct.Pin = IN_Z_N_Pin|IN_Z_P_Pin|IN_FAST_Pin|IN_A_N_Pin;
 166              		.loc 1 72 3 view .LVU54
 167              		.loc 1 72 23 is_stmt 0 view .LVU55
 168 0094 4FF40743 		mov	r3, #34560
  73:Core/Src/gpio.c ****   GPIO_InitStruct.Mode = GPIO_MODE_INPUT;
  74:Core/Src/gpio.c ****   GPIO_InitStruct.Pull = GPIO_NOPULL;
  75:Core/Src/gpio.c ****   HAL_GPIO_Init(GPIOA, &GPIO_InitStruct);
 169              		.loc 1 75 3 view .LVU56
 170 0098 0748     		ldr	r0, .L2+12
 171 009a 04A9     		add	r1, sp, #16
  73:Core/Src/gpio.c ****   GPIO_InitStruct.Mode = GPIO_MODE_INPUT;
 172              		.loc 1 73 24 view .LVU57
 173 009c CDE90434 		strd	r3, r4, [sp, #16]
  74:Core/Src/gpio.c ****   HAL_GPIO_Init(GPIOA, &GPIO_InitStruct);
ARM GAS  /tmp/ccXO4H25.s 			page 6


 174              		.loc 1 74 3 is_stmt 1 view .LVU58
  74:Core/Src/gpio.c ****   HAL_GPIO_Init(GPIOA, &GPIO_InitStruct);
 175              		.loc 1 74 24 is_stmt 0 view .LVU59
 176 00a0 0694     		str	r4, [sp, #24]
 177              		.loc 1 75 3 is_stmt 1 view .LVU60
 178 00a2 FFF7FEFF 		bl	HAL_GPIO_Init
 179              	.LVL4:
  76:Core/Src/gpio.c **** 
  77:Core/Src/gpio.c **** }
 180              		.loc 1 77 1 is_stmt 0 view .LVU61
 181 00a6 09B0     		add	sp, sp, #36
 182              		.cfi_def_cfa_offset 12
 183              		@ sp needed
 184 00a8 30BD     		pop	{r4, r5, pc}
 185              	.L3:
 186 00aa 00BF     		.align	2
 187              	.L2:
 188 00ac 00100240 		.word	1073876992
 189 00b0 00100140 		.word	1073811456
 190 00b4 000C0140 		.word	1073810432
 191 00b8 00080140 		.word	1073809408
 192              		.cfi_endproc
 193              	.LFE65:
 195              		.text
 196              	.Letext0:
 197              		.file 2 "/home/paul/.config/Code/User/globalStorage/bmd.stm32-for-vscode/@xpack-dev-tools/arm-none
 198              		.file 3 "/home/paul/.config/Code/User/globalStorage/bmd.stm32-for-vscode/@xpack-dev-tools/arm-none
 199              		.file 4 "Drivers/CMSIS/Device/ST/STM32F1xx/Include/stm32f103xb.h"
 200              		.file 5 "Drivers/STM32F1xx_HAL_Driver/Inc/stm32f1xx_hal_gpio.h"
 201              		.file 6 "<built-in>"
ARM GAS  /tmp/ccXO4H25.s 			page 7


DEFINED SYMBOLS
                            *ABS*:00000000 gpio.c
     /tmp/ccXO4H25.s:19     .text.MX_GPIO_Init:00000000 $t
     /tmp/ccXO4H25.s:25     .text.MX_GPIO_Init:00000000 MX_GPIO_Init
     /tmp/ccXO4H25.s:188    .text.MX_GPIO_Init:000000ac $d

UNDEFINED SYMBOLS
memset
HAL_GPIO_WritePin
HAL_GPIO_Init
