ARM GAS  /tmp/ccur3hJ9.s 			page 1


   1              		.cpu cortex-m3
   2              		.arch armv7-m
   3              		.fpu softvfp
   4              		.eabi_attribute 20, 1
   5              		.eabi_attribute 21, 1
   6              		.eabi_attribute 23, 3
   7              		.eabi_attribute 24, 1
   8              		.eabi_attribute 25, 1
   9              		.eabi_attribute 26, 1
  10              		.eabi_attribute 30, 4
  11              		.eabi_attribute 34, 1
  12              		.eabi_attribute 18, 4
  13              		.file	"stm32f1xx_hal.c"
  14              		.text
  15              	.Ltext0:
  16              		.cfi_sections	.debug_frame
  17              		.file 1 "Drivers/STM32F1xx_HAL_Driver/Src/stm32f1xx_hal.c"
  18              		.section	.text.HAL_MspInit,"ax",%progbits
  19              		.align	1
  20              		.weak	HAL_MspInit
  21              		.syntax unified
  22              		.thumb
  23              		.thumb_func
  25              	HAL_MspInit:
  26              	.LFB67:
   1:Drivers/STM32F1xx_HAL_Driver/Src/stm32f1xx_hal.c **** /**
   2:Drivers/STM32F1xx_HAL_Driver/Src/stm32f1xx_hal.c ****   ******************************************************************************
   3:Drivers/STM32F1xx_HAL_Driver/Src/stm32f1xx_hal.c ****   * @file    stm32f1xx_hal.c
   4:Drivers/STM32F1xx_HAL_Driver/Src/stm32f1xx_hal.c ****   * @author  MCD Application Team
   5:Drivers/STM32F1xx_HAL_Driver/Src/stm32f1xx_hal.c ****   * @brief   HAL module driver.
   6:Drivers/STM32F1xx_HAL_Driver/Src/stm32f1xx_hal.c ****   *          This is the common part of the HAL initialization
   7:Drivers/STM32F1xx_HAL_Driver/Src/stm32f1xx_hal.c ****   *
   8:Drivers/STM32F1xx_HAL_Driver/Src/stm32f1xx_hal.c ****   ******************************************************************************
   9:Drivers/STM32F1xx_HAL_Driver/Src/stm32f1xx_hal.c ****   * @attention
  10:Drivers/STM32F1xx_HAL_Driver/Src/stm32f1xx_hal.c ****   *
  11:Drivers/STM32F1xx_HAL_Driver/Src/stm32f1xx_hal.c ****   * Copyright (c) 2016 STMicroelectronics.
  12:Drivers/STM32F1xx_HAL_Driver/Src/stm32f1xx_hal.c ****   * All rights reserved.
  13:Drivers/STM32F1xx_HAL_Driver/Src/stm32f1xx_hal.c ****   *
  14:Drivers/STM32F1xx_HAL_Driver/Src/stm32f1xx_hal.c ****   * This software is licensed under terms that can be found in the LICENSE file
  15:Drivers/STM32F1xx_HAL_Driver/Src/stm32f1xx_hal.c ****   * in the root directory of this software component.
  16:Drivers/STM32F1xx_HAL_Driver/Src/stm32f1xx_hal.c ****   * If no LICENSE file comes with this software, it is provided AS-IS.
  17:Drivers/STM32F1xx_HAL_Driver/Src/stm32f1xx_hal.c ****   *
  18:Drivers/STM32F1xx_HAL_Driver/Src/stm32f1xx_hal.c ****   ******************************************************************************
  19:Drivers/STM32F1xx_HAL_Driver/Src/stm32f1xx_hal.c ****   @verbatim
  20:Drivers/STM32F1xx_HAL_Driver/Src/stm32f1xx_hal.c ****   ==============================================================================
  21:Drivers/STM32F1xx_HAL_Driver/Src/stm32f1xx_hal.c ****                      ##### How to use this driver #####
  22:Drivers/STM32F1xx_HAL_Driver/Src/stm32f1xx_hal.c ****   ==============================================================================
  23:Drivers/STM32F1xx_HAL_Driver/Src/stm32f1xx_hal.c ****     [..]
  24:Drivers/STM32F1xx_HAL_Driver/Src/stm32f1xx_hal.c ****     The common HAL driver contains a set of generic and common APIs that can be
  25:Drivers/STM32F1xx_HAL_Driver/Src/stm32f1xx_hal.c ****     used by the PPP peripheral drivers and the user to start using the HAL.
  26:Drivers/STM32F1xx_HAL_Driver/Src/stm32f1xx_hal.c ****     [..]
  27:Drivers/STM32F1xx_HAL_Driver/Src/stm32f1xx_hal.c ****     The HAL contains two APIs' categories:
  28:Drivers/STM32F1xx_HAL_Driver/Src/stm32f1xx_hal.c ****          (+) Common HAL APIs
  29:Drivers/STM32F1xx_HAL_Driver/Src/stm32f1xx_hal.c ****          (+) Services HAL APIs
  30:Drivers/STM32F1xx_HAL_Driver/Src/stm32f1xx_hal.c **** 
  31:Drivers/STM32F1xx_HAL_Driver/Src/stm32f1xx_hal.c ****   @endverbatim
  32:Drivers/STM32F1xx_HAL_Driver/Src/stm32f1xx_hal.c ****   ******************************************************************************
ARM GAS  /tmp/ccur3hJ9.s 			page 2


  33:Drivers/STM32F1xx_HAL_Driver/Src/stm32f1xx_hal.c ****   */
  34:Drivers/STM32F1xx_HAL_Driver/Src/stm32f1xx_hal.c **** 
  35:Drivers/STM32F1xx_HAL_Driver/Src/stm32f1xx_hal.c **** /* Includes ------------------------------------------------------------------*/
  36:Drivers/STM32F1xx_HAL_Driver/Src/stm32f1xx_hal.c **** #include "stm32f1xx_hal.h"
  37:Drivers/STM32F1xx_HAL_Driver/Src/stm32f1xx_hal.c **** 
  38:Drivers/STM32F1xx_HAL_Driver/Src/stm32f1xx_hal.c **** /** @addtogroup STM32F1xx_HAL_Driver
  39:Drivers/STM32F1xx_HAL_Driver/Src/stm32f1xx_hal.c ****   * @{
  40:Drivers/STM32F1xx_HAL_Driver/Src/stm32f1xx_hal.c ****   */
  41:Drivers/STM32F1xx_HAL_Driver/Src/stm32f1xx_hal.c **** 
  42:Drivers/STM32F1xx_HAL_Driver/Src/stm32f1xx_hal.c **** /** @defgroup HAL HAL
  43:Drivers/STM32F1xx_HAL_Driver/Src/stm32f1xx_hal.c ****   * @brief HAL module driver.
  44:Drivers/STM32F1xx_HAL_Driver/Src/stm32f1xx_hal.c ****   * @{
  45:Drivers/STM32F1xx_HAL_Driver/Src/stm32f1xx_hal.c ****   */
  46:Drivers/STM32F1xx_HAL_Driver/Src/stm32f1xx_hal.c **** 
  47:Drivers/STM32F1xx_HAL_Driver/Src/stm32f1xx_hal.c **** #ifdef HAL_MODULE_ENABLED
  48:Drivers/STM32F1xx_HAL_Driver/Src/stm32f1xx_hal.c **** 
  49:Drivers/STM32F1xx_HAL_Driver/Src/stm32f1xx_hal.c **** /* Private typedef -----------------------------------------------------------*/
  50:Drivers/STM32F1xx_HAL_Driver/Src/stm32f1xx_hal.c **** /* Private define ------------------------------------------------------------*/
  51:Drivers/STM32F1xx_HAL_Driver/Src/stm32f1xx_hal.c **** 
  52:Drivers/STM32F1xx_HAL_Driver/Src/stm32f1xx_hal.c **** /** @defgroup HAL_Private_Constants HAL Private Constants
  53:Drivers/STM32F1xx_HAL_Driver/Src/stm32f1xx_hal.c ****   * @{
  54:Drivers/STM32F1xx_HAL_Driver/Src/stm32f1xx_hal.c ****   */
  55:Drivers/STM32F1xx_HAL_Driver/Src/stm32f1xx_hal.c **** /**
  56:Drivers/STM32F1xx_HAL_Driver/Src/stm32f1xx_hal.c ****  * @brief STM32F1xx HAL Driver version number
  57:Drivers/STM32F1xx_HAL_Driver/Src/stm32f1xx_hal.c ****    */
  58:Drivers/STM32F1xx_HAL_Driver/Src/stm32f1xx_hal.c **** #define __STM32F1xx_HAL_VERSION_MAIN   (0x01U) /*!< [31:24] main version */
  59:Drivers/STM32F1xx_HAL_Driver/Src/stm32f1xx_hal.c **** #define __STM32F1xx_HAL_VERSION_SUB1   (0x01U) /*!< [23:16] sub1 version */
  60:Drivers/STM32F1xx_HAL_Driver/Src/stm32f1xx_hal.c **** #define __STM32F1xx_HAL_VERSION_SUB2   (0x09U) /*!< [15:8]  sub2 version */
  61:Drivers/STM32F1xx_HAL_Driver/Src/stm32f1xx_hal.c **** #define __STM32F1xx_HAL_VERSION_RC     (0x00U) /*!< [7:0]  release candidate */
  62:Drivers/STM32F1xx_HAL_Driver/Src/stm32f1xx_hal.c **** #define __STM32F1xx_HAL_VERSION         ((__STM32F1xx_HAL_VERSION_MAIN << 24)\
  63:Drivers/STM32F1xx_HAL_Driver/Src/stm32f1xx_hal.c ****                                         |(__STM32F1xx_HAL_VERSION_SUB1 << 16)\
  64:Drivers/STM32F1xx_HAL_Driver/Src/stm32f1xx_hal.c ****                                         |(__STM32F1xx_HAL_VERSION_SUB2 << 8 )\
  65:Drivers/STM32F1xx_HAL_Driver/Src/stm32f1xx_hal.c ****                                         |(__STM32F1xx_HAL_VERSION_RC))
  66:Drivers/STM32F1xx_HAL_Driver/Src/stm32f1xx_hal.c **** 
  67:Drivers/STM32F1xx_HAL_Driver/Src/stm32f1xx_hal.c **** #define IDCODE_DEVID_MASK    0x00000FFFU
  68:Drivers/STM32F1xx_HAL_Driver/Src/stm32f1xx_hal.c **** 
  69:Drivers/STM32F1xx_HAL_Driver/Src/stm32f1xx_hal.c **** /**
  70:Drivers/STM32F1xx_HAL_Driver/Src/stm32f1xx_hal.c ****   * @}
  71:Drivers/STM32F1xx_HAL_Driver/Src/stm32f1xx_hal.c ****   */
  72:Drivers/STM32F1xx_HAL_Driver/Src/stm32f1xx_hal.c **** 
  73:Drivers/STM32F1xx_HAL_Driver/Src/stm32f1xx_hal.c **** /* Private macro -------------------------------------------------------------*/
  74:Drivers/STM32F1xx_HAL_Driver/Src/stm32f1xx_hal.c **** /* Private variables ---------------------------------------------------------*/
  75:Drivers/STM32F1xx_HAL_Driver/Src/stm32f1xx_hal.c **** 
  76:Drivers/STM32F1xx_HAL_Driver/Src/stm32f1xx_hal.c **** /** @defgroup HAL_Private_Variables HAL Private Variables
  77:Drivers/STM32F1xx_HAL_Driver/Src/stm32f1xx_hal.c ****   * @{
  78:Drivers/STM32F1xx_HAL_Driver/Src/stm32f1xx_hal.c ****   */
  79:Drivers/STM32F1xx_HAL_Driver/Src/stm32f1xx_hal.c **** __IO uint32_t uwTick;
  80:Drivers/STM32F1xx_HAL_Driver/Src/stm32f1xx_hal.c **** uint32_t uwTickPrio   = (1UL << __NVIC_PRIO_BITS); /* Invalid PRIO */
  81:Drivers/STM32F1xx_HAL_Driver/Src/stm32f1xx_hal.c **** HAL_TickFreqTypeDef uwTickFreq = HAL_TICK_FREQ_DEFAULT;  /* 1KHz */
  82:Drivers/STM32F1xx_HAL_Driver/Src/stm32f1xx_hal.c **** /**
  83:Drivers/STM32F1xx_HAL_Driver/Src/stm32f1xx_hal.c ****   * @}
  84:Drivers/STM32F1xx_HAL_Driver/Src/stm32f1xx_hal.c ****   */
  85:Drivers/STM32F1xx_HAL_Driver/Src/stm32f1xx_hal.c **** /* Private function prototypes -----------------------------------------------*/
  86:Drivers/STM32F1xx_HAL_Driver/Src/stm32f1xx_hal.c **** /* Exported functions ---------------------------------------------------------*/
  87:Drivers/STM32F1xx_HAL_Driver/Src/stm32f1xx_hal.c **** 
  88:Drivers/STM32F1xx_HAL_Driver/Src/stm32f1xx_hal.c **** /** @defgroup HAL_Exported_Functions HAL Exported Functions
  89:Drivers/STM32F1xx_HAL_Driver/Src/stm32f1xx_hal.c ****   * @{
ARM GAS  /tmp/ccur3hJ9.s 			page 3


  90:Drivers/STM32F1xx_HAL_Driver/Src/stm32f1xx_hal.c ****   */
  91:Drivers/STM32F1xx_HAL_Driver/Src/stm32f1xx_hal.c **** 
  92:Drivers/STM32F1xx_HAL_Driver/Src/stm32f1xx_hal.c **** /** @defgroup HAL_Exported_Functions_Group1 Initialization and de-initialization Functions
  93:Drivers/STM32F1xx_HAL_Driver/Src/stm32f1xx_hal.c ****  *  @brief    Initialization and de-initialization functions
  94:Drivers/STM32F1xx_HAL_Driver/Src/stm32f1xx_hal.c ****  *
  95:Drivers/STM32F1xx_HAL_Driver/Src/stm32f1xx_hal.c **** @verbatim
  96:Drivers/STM32F1xx_HAL_Driver/Src/stm32f1xx_hal.c ****  ===============================================================================
  97:Drivers/STM32F1xx_HAL_Driver/Src/stm32f1xx_hal.c ****               ##### Initialization and de-initialization functions #####
  98:Drivers/STM32F1xx_HAL_Driver/Src/stm32f1xx_hal.c ****  ===============================================================================
  99:Drivers/STM32F1xx_HAL_Driver/Src/stm32f1xx_hal.c ****    [..]  This section provides functions allowing to:
 100:Drivers/STM32F1xx_HAL_Driver/Src/stm32f1xx_hal.c ****       (+) Initializes the Flash interface, the NVIC allocation and initial clock
 101:Drivers/STM32F1xx_HAL_Driver/Src/stm32f1xx_hal.c ****           configuration. It initializes the systick also when timeout is needed
 102:Drivers/STM32F1xx_HAL_Driver/Src/stm32f1xx_hal.c ****           and the backup domain when enabled.
 103:Drivers/STM32F1xx_HAL_Driver/Src/stm32f1xx_hal.c ****       (+) de-Initializes common part of the HAL.
 104:Drivers/STM32F1xx_HAL_Driver/Src/stm32f1xx_hal.c ****       (+) Configure The time base source to have 1ms time base with a dedicated
 105:Drivers/STM32F1xx_HAL_Driver/Src/stm32f1xx_hal.c ****           Tick interrupt priority.
 106:Drivers/STM32F1xx_HAL_Driver/Src/stm32f1xx_hal.c ****         (++) SysTick timer is used by default as source of time base, but user
 107:Drivers/STM32F1xx_HAL_Driver/Src/stm32f1xx_hal.c ****              can eventually implement his proper time base source (a general purpose
 108:Drivers/STM32F1xx_HAL_Driver/Src/stm32f1xx_hal.c ****              timer for example or other time source), keeping in mind that Time base
 109:Drivers/STM32F1xx_HAL_Driver/Src/stm32f1xx_hal.c ****              duration should be kept 1ms since PPP_TIMEOUT_VALUEs are defined and
 110:Drivers/STM32F1xx_HAL_Driver/Src/stm32f1xx_hal.c ****              handled in milliseconds basis.
 111:Drivers/STM32F1xx_HAL_Driver/Src/stm32f1xx_hal.c ****         (++) Time base configuration function (HAL_InitTick ()) is called automatically
 112:Drivers/STM32F1xx_HAL_Driver/Src/stm32f1xx_hal.c ****              at the beginning of the program after reset by HAL_Init() or at any time
 113:Drivers/STM32F1xx_HAL_Driver/Src/stm32f1xx_hal.c ****              when clock is configured, by HAL_RCC_ClockConfig().
 114:Drivers/STM32F1xx_HAL_Driver/Src/stm32f1xx_hal.c ****         (++) Source of time base is configured  to generate interrupts at regular
 115:Drivers/STM32F1xx_HAL_Driver/Src/stm32f1xx_hal.c ****              time intervals. Care must be taken if HAL_Delay() is called from a
 116:Drivers/STM32F1xx_HAL_Driver/Src/stm32f1xx_hal.c ****              peripheral ISR process, the Tick interrupt line must have higher priority
 117:Drivers/STM32F1xx_HAL_Driver/Src/stm32f1xx_hal.c ****             (numerically lower) than the peripheral interrupt. Otherwise the caller
 118:Drivers/STM32F1xx_HAL_Driver/Src/stm32f1xx_hal.c ****             ISR process will be blocked.
 119:Drivers/STM32F1xx_HAL_Driver/Src/stm32f1xx_hal.c ****        (++) functions affecting time base configurations are declared as __weak
 120:Drivers/STM32F1xx_HAL_Driver/Src/stm32f1xx_hal.c ****              to make  override possible  in case of other  implementations in user file.
 121:Drivers/STM32F1xx_HAL_Driver/Src/stm32f1xx_hal.c **** @endverbatim
 122:Drivers/STM32F1xx_HAL_Driver/Src/stm32f1xx_hal.c ****   * @{
 123:Drivers/STM32F1xx_HAL_Driver/Src/stm32f1xx_hal.c ****   */
 124:Drivers/STM32F1xx_HAL_Driver/Src/stm32f1xx_hal.c **** 
 125:Drivers/STM32F1xx_HAL_Driver/Src/stm32f1xx_hal.c **** /**
 126:Drivers/STM32F1xx_HAL_Driver/Src/stm32f1xx_hal.c ****   * @brief  This function is used to initialize the HAL Library; it must be the first
 127:Drivers/STM32F1xx_HAL_Driver/Src/stm32f1xx_hal.c ****   *         instruction to be executed in the main program (before to call any other
 128:Drivers/STM32F1xx_HAL_Driver/Src/stm32f1xx_hal.c ****   *         HAL function), it performs the following:
 129:Drivers/STM32F1xx_HAL_Driver/Src/stm32f1xx_hal.c ****   *           Configure the Flash prefetch.
 130:Drivers/STM32F1xx_HAL_Driver/Src/stm32f1xx_hal.c ****   *           Configures the SysTick to generate an interrupt each 1 millisecond,
 131:Drivers/STM32F1xx_HAL_Driver/Src/stm32f1xx_hal.c ****   *           which is clocked by the HSI (at this stage, the clock is not yet
 132:Drivers/STM32F1xx_HAL_Driver/Src/stm32f1xx_hal.c ****   *           configured and thus the system is running from the internal HSI at 16 MHz).
 133:Drivers/STM32F1xx_HAL_Driver/Src/stm32f1xx_hal.c ****   *           Set NVIC Group Priority to 4.
 134:Drivers/STM32F1xx_HAL_Driver/Src/stm32f1xx_hal.c ****   *           Calls the HAL_MspInit() callback function defined in user file
 135:Drivers/STM32F1xx_HAL_Driver/Src/stm32f1xx_hal.c ****   *           "stm32f1xx_hal_msp.c" to do the global low level hardware initialization
 136:Drivers/STM32F1xx_HAL_Driver/Src/stm32f1xx_hal.c ****   *
 137:Drivers/STM32F1xx_HAL_Driver/Src/stm32f1xx_hal.c ****   * @note   SysTick is used as time base for the HAL_Delay() function, the application
 138:Drivers/STM32F1xx_HAL_Driver/Src/stm32f1xx_hal.c ****   *         need to ensure that the SysTick time base is always set to 1 millisecond
 139:Drivers/STM32F1xx_HAL_Driver/Src/stm32f1xx_hal.c ****   *         to have correct HAL operation.
 140:Drivers/STM32F1xx_HAL_Driver/Src/stm32f1xx_hal.c ****   * @retval HAL status
 141:Drivers/STM32F1xx_HAL_Driver/Src/stm32f1xx_hal.c ****   */
 142:Drivers/STM32F1xx_HAL_Driver/Src/stm32f1xx_hal.c **** HAL_StatusTypeDef HAL_Init(void)
 143:Drivers/STM32F1xx_HAL_Driver/Src/stm32f1xx_hal.c **** {
 144:Drivers/STM32F1xx_HAL_Driver/Src/stm32f1xx_hal.c ****   /* Configure Flash prefetch */
 145:Drivers/STM32F1xx_HAL_Driver/Src/stm32f1xx_hal.c **** #if (PREFETCH_ENABLE != 0)
 146:Drivers/STM32F1xx_HAL_Driver/Src/stm32f1xx_hal.c **** #if defined(STM32F101x6) || defined(STM32F101xB) || defined(STM32F101xE) || defined(STM32F101xG) ||
ARM GAS  /tmp/ccur3hJ9.s 			page 4


 147:Drivers/STM32F1xx_HAL_Driver/Src/stm32f1xx_hal.c ****     defined(STM32F102x6) || defined(STM32F102xB) || \
 148:Drivers/STM32F1xx_HAL_Driver/Src/stm32f1xx_hal.c ****     defined(STM32F103x6) || defined(STM32F103xB) || defined(STM32F103xE) || defined(STM32F103xG) ||
 149:Drivers/STM32F1xx_HAL_Driver/Src/stm32f1xx_hal.c ****     defined(STM32F105xC) || defined(STM32F107xC)
 150:Drivers/STM32F1xx_HAL_Driver/Src/stm32f1xx_hal.c **** 
 151:Drivers/STM32F1xx_HAL_Driver/Src/stm32f1xx_hal.c ****   /* Prefetch buffer is not available on value line devices */
 152:Drivers/STM32F1xx_HAL_Driver/Src/stm32f1xx_hal.c ****   __HAL_FLASH_PREFETCH_BUFFER_ENABLE();
 153:Drivers/STM32F1xx_HAL_Driver/Src/stm32f1xx_hal.c **** #endif
 154:Drivers/STM32F1xx_HAL_Driver/Src/stm32f1xx_hal.c **** #endif /* PREFETCH_ENABLE */
 155:Drivers/STM32F1xx_HAL_Driver/Src/stm32f1xx_hal.c **** 
 156:Drivers/STM32F1xx_HAL_Driver/Src/stm32f1xx_hal.c ****   /* Set Interrupt Group Priority */
 157:Drivers/STM32F1xx_HAL_Driver/Src/stm32f1xx_hal.c ****   HAL_NVIC_SetPriorityGrouping(NVIC_PRIORITYGROUP_4);
 158:Drivers/STM32F1xx_HAL_Driver/Src/stm32f1xx_hal.c **** 
 159:Drivers/STM32F1xx_HAL_Driver/Src/stm32f1xx_hal.c ****   /* Use systick as time base source and configure 1ms tick (default clock after Reset is HSI) */
 160:Drivers/STM32F1xx_HAL_Driver/Src/stm32f1xx_hal.c ****   HAL_InitTick(TICK_INT_PRIORITY);
 161:Drivers/STM32F1xx_HAL_Driver/Src/stm32f1xx_hal.c **** 
 162:Drivers/STM32F1xx_HAL_Driver/Src/stm32f1xx_hal.c ****   /* Init the low level hardware */
 163:Drivers/STM32F1xx_HAL_Driver/Src/stm32f1xx_hal.c ****   HAL_MspInit();
 164:Drivers/STM32F1xx_HAL_Driver/Src/stm32f1xx_hal.c **** 
 165:Drivers/STM32F1xx_HAL_Driver/Src/stm32f1xx_hal.c ****   /* Return function status */
 166:Drivers/STM32F1xx_HAL_Driver/Src/stm32f1xx_hal.c ****   return HAL_OK;
 167:Drivers/STM32F1xx_HAL_Driver/Src/stm32f1xx_hal.c **** }
 168:Drivers/STM32F1xx_HAL_Driver/Src/stm32f1xx_hal.c **** 
 169:Drivers/STM32F1xx_HAL_Driver/Src/stm32f1xx_hal.c **** /**
 170:Drivers/STM32F1xx_HAL_Driver/Src/stm32f1xx_hal.c ****   * @brief This function de-Initializes common part of the HAL and stops the systick.
 171:Drivers/STM32F1xx_HAL_Driver/Src/stm32f1xx_hal.c ****   *        of time base.
 172:Drivers/STM32F1xx_HAL_Driver/Src/stm32f1xx_hal.c ****   * @note This function is optional.
 173:Drivers/STM32F1xx_HAL_Driver/Src/stm32f1xx_hal.c ****   * @retval HAL status
 174:Drivers/STM32F1xx_HAL_Driver/Src/stm32f1xx_hal.c ****   */
 175:Drivers/STM32F1xx_HAL_Driver/Src/stm32f1xx_hal.c **** HAL_StatusTypeDef HAL_DeInit(void)
 176:Drivers/STM32F1xx_HAL_Driver/Src/stm32f1xx_hal.c **** {
 177:Drivers/STM32F1xx_HAL_Driver/Src/stm32f1xx_hal.c ****   /* Reset of all peripherals */
 178:Drivers/STM32F1xx_HAL_Driver/Src/stm32f1xx_hal.c ****   __HAL_RCC_APB1_FORCE_RESET();
 179:Drivers/STM32F1xx_HAL_Driver/Src/stm32f1xx_hal.c ****   __HAL_RCC_APB1_RELEASE_RESET();
 180:Drivers/STM32F1xx_HAL_Driver/Src/stm32f1xx_hal.c **** 
 181:Drivers/STM32F1xx_HAL_Driver/Src/stm32f1xx_hal.c ****   __HAL_RCC_APB2_FORCE_RESET();
 182:Drivers/STM32F1xx_HAL_Driver/Src/stm32f1xx_hal.c ****   __HAL_RCC_APB2_RELEASE_RESET();
 183:Drivers/STM32F1xx_HAL_Driver/Src/stm32f1xx_hal.c **** 
 184:Drivers/STM32F1xx_HAL_Driver/Src/stm32f1xx_hal.c **** #if defined(STM32F105xC) || defined(STM32F107xC)
 185:Drivers/STM32F1xx_HAL_Driver/Src/stm32f1xx_hal.c ****   __HAL_RCC_AHB_FORCE_RESET();
 186:Drivers/STM32F1xx_HAL_Driver/Src/stm32f1xx_hal.c ****   __HAL_RCC_AHB_RELEASE_RESET();
 187:Drivers/STM32F1xx_HAL_Driver/Src/stm32f1xx_hal.c **** #endif
 188:Drivers/STM32F1xx_HAL_Driver/Src/stm32f1xx_hal.c **** 
 189:Drivers/STM32F1xx_HAL_Driver/Src/stm32f1xx_hal.c ****   /* De-Init the low level hardware */
 190:Drivers/STM32F1xx_HAL_Driver/Src/stm32f1xx_hal.c ****   HAL_MspDeInit();
 191:Drivers/STM32F1xx_HAL_Driver/Src/stm32f1xx_hal.c **** 
 192:Drivers/STM32F1xx_HAL_Driver/Src/stm32f1xx_hal.c ****   /* Return function status */
 193:Drivers/STM32F1xx_HAL_Driver/Src/stm32f1xx_hal.c ****   return HAL_OK;
 194:Drivers/STM32F1xx_HAL_Driver/Src/stm32f1xx_hal.c **** }
 195:Drivers/STM32F1xx_HAL_Driver/Src/stm32f1xx_hal.c **** 
 196:Drivers/STM32F1xx_HAL_Driver/Src/stm32f1xx_hal.c **** /**
 197:Drivers/STM32F1xx_HAL_Driver/Src/stm32f1xx_hal.c ****   * @brief  Initialize the MSP.
 198:Drivers/STM32F1xx_HAL_Driver/Src/stm32f1xx_hal.c ****   * @retval None
 199:Drivers/STM32F1xx_HAL_Driver/Src/stm32f1xx_hal.c ****   */
 200:Drivers/STM32F1xx_HAL_Driver/Src/stm32f1xx_hal.c **** __weak void HAL_MspInit(void)
 201:Drivers/STM32F1xx_HAL_Driver/Src/stm32f1xx_hal.c **** {
  27              		.loc 1 201 1 view -0
  28              		.cfi_startproc
ARM GAS  /tmp/ccur3hJ9.s 			page 5


  29              		@ args = 0, pretend = 0, frame = 0
  30              		@ frame_needed = 0, uses_anonymous_args = 0
  31              		@ link register save eliminated.
 202:Drivers/STM32F1xx_HAL_Driver/Src/stm32f1xx_hal.c ****   /* NOTE : This function should not be modified, when the callback is needed,
 203:Drivers/STM32F1xx_HAL_Driver/Src/stm32f1xx_hal.c ****             the HAL_MspInit could be implemented in the user file
 204:Drivers/STM32F1xx_HAL_Driver/Src/stm32f1xx_hal.c ****    */
 205:Drivers/STM32F1xx_HAL_Driver/Src/stm32f1xx_hal.c **** }
  32              		.loc 1 205 1 view .LVU1
  33 0000 7047     		bx	lr
  34              		.cfi_endproc
  35              	.LFE67:
  37              		.section	.text.HAL_MspDeInit,"ax",%progbits
  38              		.align	1
  39              		.weak	HAL_MspDeInit
  40              		.syntax unified
  41              		.thumb
  42              		.thumb_func
  44              	HAL_MspDeInit:
  45              	.LFB92:
  46              		.cfi_startproc
 206:Drivers/STM32F1xx_HAL_Driver/Src/stm32f1xx_hal.c **** 
 207:Drivers/STM32F1xx_HAL_Driver/Src/stm32f1xx_hal.c **** /**
 208:Drivers/STM32F1xx_HAL_Driver/Src/stm32f1xx_hal.c ****   * @brief  DeInitializes the MSP.
 209:Drivers/STM32F1xx_HAL_Driver/Src/stm32f1xx_hal.c ****   * @retval None
 210:Drivers/STM32F1xx_HAL_Driver/Src/stm32f1xx_hal.c ****   */
 211:Drivers/STM32F1xx_HAL_Driver/Src/stm32f1xx_hal.c **** __weak void HAL_MspDeInit(void)
  47              		.loc 1 211 13 view -0
  48              		@ args = 0, pretend = 0, frame = 0
  49              		@ frame_needed = 0, uses_anonymous_args = 0
  50              		@ link register save eliminated.
  51 0000 7047     		bx	lr
  52              		.cfi_endproc
  53              	.LFE92:
  55              		.section	.text.HAL_DeInit,"ax",%progbits
  56              		.align	1
  57              		.global	HAL_DeInit
  58              		.syntax unified
  59              		.thumb
  60              		.thumb_func
  62              	HAL_DeInit:
  63              	.LFB66:
 176:Drivers/STM32F1xx_HAL_Driver/Src/stm32f1xx_hal.c ****   /* Reset of all peripherals */
  64              		.loc 1 176 1 view -0
  65              		.cfi_startproc
  66              		@ args = 0, pretend = 0, frame = 0
  67              		@ frame_needed = 0, uses_anonymous_args = 0
 178:Drivers/STM32F1xx_HAL_Driver/Src/stm32f1xx_hal.c ****   __HAL_RCC_APB1_RELEASE_RESET();
  68              		.loc 1 178 3 view .LVU4
 176:Drivers/STM32F1xx_HAL_Driver/Src/stm32f1xx_hal.c ****   /* Reset of all peripherals */
  69              		.loc 1 176 1 is_stmt 0 view .LVU5
  70 0000 10B5     		push	{r4, lr}
  71              		.cfi_def_cfa_offset 8
  72              		.cfi_offset 4, -8
  73              		.cfi_offset 14, -4
 178:Drivers/STM32F1xx_HAL_Driver/Src/stm32f1xx_hal.c ****   __HAL_RCC_APB1_RELEASE_RESET();
  74              		.loc 1 178 3 view .LVU6
  75 0002 4FF0FF32 		mov	r2, #-1
ARM GAS  /tmp/ccur3hJ9.s 			page 6


 179:Drivers/STM32F1xx_HAL_Driver/Src/stm32f1xx_hal.c **** 
  76              		.loc 1 179 3 view .LVU7
  77 0006 0024     		movs	r4, #0
 178:Drivers/STM32F1xx_HAL_Driver/Src/stm32f1xx_hal.c ****   __HAL_RCC_APB1_RELEASE_RESET();
  78              		.loc 1 178 3 view .LVU8
  79 0008 044B     		ldr	r3, .L4
  80 000a 1A61     		str	r2, [r3, #16]
 179:Drivers/STM32F1xx_HAL_Driver/Src/stm32f1xx_hal.c **** 
  81              		.loc 1 179 3 is_stmt 1 view .LVU9
  82 000c 1C61     		str	r4, [r3, #16]
 181:Drivers/STM32F1xx_HAL_Driver/Src/stm32f1xx_hal.c ****   __HAL_RCC_APB2_RELEASE_RESET();
  83              		.loc 1 181 3 view .LVU10
  84 000e DA60     		str	r2, [r3, #12]
 182:Drivers/STM32F1xx_HAL_Driver/Src/stm32f1xx_hal.c **** 
  85              		.loc 1 182 3 view .LVU11
  86 0010 DC60     		str	r4, [r3, #12]
 190:Drivers/STM32F1xx_HAL_Driver/Src/stm32f1xx_hal.c **** 
  87              		.loc 1 190 3 view .LVU12
  88 0012 FFF7FEFF 		bl	HAL_MspDeInit
  89              	.LVL0:
 193:Drivers/STM32F1xx_HAL_Driver/Src/stm32f1xx_hal.c **** }
  90              		.loc 1 193 3 view .LVU13
 194:Drivers/STM32F1xx_HAL_Driver/Src/stm32f1xx_hal.c **** 
  91              		.loc 1 194 1 is_stmt 0 view .LVU14
  92 0016 2046     		mov	r0, r4
  93 0018 10BD     		pop	{r4, pc}
  94              	.L5:
  95 001a 00BF     		.align	2
  96              	.L4:
  97 001c 00100240 		.word	1073876992
  98              		.cfi_endproc
  99              	.LFE66:
 101              		.section	.text.HAL_InitTick,"ax",%progbits
 102              		.align	1
 103              		.weak	HAL_InitTick
 104              		.syntax unified
 105              		.thumb
 106              		.thumb_func
 108              	HAL_InitTick:
 109              	.LVL1:
 110              	.LFB69:
 212:Drivers/STM32F1xx_HAL_Driver/Src/stm32f1xx_hal.c **** {
 213:Drivers/STM32F1xx_HAL_Driver/Src/stm32f1xx_hal.c ****   /* NOTE : This function should not be modified, when the callback is needed,
 214:Drivers/STM32F1xx_HAL_Driver/Src/stm32f1xx_hal.c ****             the HAL_MspDeInit could be implemented in the user file
 215:Drivers/STM32F1xx_HAL_Driver/Src/stm32f1xx_hal.c ****    */
 216:Drivers/STM32F1xx_HAL_Driver/Src/stm32f1xx_hal.c **** }
 217:Drivers/STM32F1xx_HAL_Driver/Src/stm32f1xx_hal.c **** 
 218:Drivers/STM32F1xx_HAL_Driver/Src/stm32f1xx_hal.c **** /**
 219:Drivers/STM32F1xx_HAL_Driver/Src/stm32f1xx_hal.c ****   * @brief This function configures the source of the time base.
 220:Drivers/STM32F1xx_HAL_Driver/Src/stm32f1xx_hal.c ****   *        The time source is configured  to have 1ms time base with a dedicated
 221:Drivers/STM32F1xx_HAL_Driver/Src/stm32f1xx_hal.c ****   *        Tick interrupt priority.
 222:Drivers/STM32F1xx_HAL_Driver/Src/stm32f1xx_hal.c ****   * @note This function is called  automatically at the beginning of program after
 223:Drivers/STM32F1xx_HAL_Driver/Src/stm32f1xx_hal.c ****   *       reset by HAL_Init() or at any time when clock is reconfigured  by HAL_RCC_ClockConfig().
 224:Drivers/STM32F1xx_HAL_Driver/Src/stm32f1xx_hal.c ****   * @note In the default implementation, SysTick timer is the source of time base.
 225:Drivers/STM32F1xx_HAL_Driver/Src/stm32f1xx_hal.c ****   *       It is used to generate interrupts at regular time intervals.
 226:Drivers/STM32F1xx_HAL_Driver/Src/stm32f1xx_hal.c ****   *       Care must be taken if HAL_Delay() is called from a peripheral ISR process,
 227:Drivers/STM32F1xx_HAL_Driver/Src/stm32f1xx_hal.c ****   *       The SysTick interrupt must have higher priority (numerically lower)
ARM GAS  /tmp/ccur3hJ9.s 			page 7


 228:Drivers/STM32F1xx_HAL_Driver/Src/stm32f1xx_hal.c ****   *       than the peripheral interrupt. Otherwise the caller ISR process will be blocked.
 229:Drivers/STM32F1xx_HAL_Driver/Src/stm32f1xx_hal.c ****   *       The function is declared as __weak  to be overwritten  in case of other
 230:Drivers/STM32F1xx_HAL_Driver/Src/stm32f1xx_hal.c ****   *       implementation  in user file.
 231:Drivers/STM32F1xx_HAL_Driver/Src/stm32f1xx_hal.c ****   * @param TickPriority Tick interrupt priority.
 232:Drivers/STM32F1xx_HAL_Driver/Src/stm32f1xx_hal.c ****   * @retval HAL status
 233:Drivers/STM32F1xx_HAL_Driver/Src/stm32f1xx_hal.c ****   */
 234:Drivers/STM32F1xx_HAL_Driver/Src/stm32f1xx_hal.c **** __weak HAL_StatusTypeDef HAL_InitTick(uint32_t TickPriority)
 235:Drivers/STM32F1xx_HAL_Driver/Src/stm32f1xx_hal.c **** {
 111              		.loc 1 235 1 is_stmt 1 view -0
 112              		.cfi_startproc
 113              		@ args = 0, pretend = 0, frame = 0
 114              		@ frame_needed = 0, uses_anonymous_args = 0
 236:Drivers/STM32F1xx_HAL_Driver/Src/stm32f1xx_hal.c ****   /* Configure the SysTick to have interrupt in 1ms time basis*/
 237:Drivers/STM32F1xx_HAL_Driver/Src/stm32f1xx_hal.c ****   if (HAL_SYSTICK_Config(SystemCoreClock / (1000U / uwTickFreq)) > 0U)
 115              		.loc 1 237 3 view .LVU16
 235:Drivers/STM32F1xx_HAL_Driver/Src/stm32f1xx_hal.c ****   /* Configure the SysTick to have interrupt in 1ms time basis*/
 116              		.loc 1 235 1 is_stmt 0 view .LVU17
 117 0000 38B5     		push	{r3, r4, r5, lr}
 118              		.cfi_def_cfa_offset 16
 119              		.cfi_offset 3, -16
 120              		.cfi_offset 4, -12
 121              		.cfi_offset 5, -8
 122              		.cfi_offset 14, -4
 123              		.loc 1 237 51 view .LVU18
 124 0002 0E4B     		ldr	r3, .L10
 235:Drivers/STM32F1xx_HAL_Driver/Src/stm32f1xx_hal.c ****   /* Configure the SysTick to have interrupt in 1ms time basis*/
 125              		.loc 1 235 1 view .LVU19
 126 0004 0546     		mov	r5, r0
 127              		.loc 1 237 51 view .LVU20
 128 0006 1A78     		ldrb	r2, [r3]	@ zero_extendqisi2
 129 0008 4FF47A73 		mov	r3, #1000
 130 000c B3FBF2F3 		udiv	r3, r3, r2
 131              		.loc 1 237 7 view .LVU21
 132 0010 0B4A     		ldr	r2, .L10+4
 133 0012 1068     		ldr	r0, [r2]
 134              	.LVL2:
 135              		.loc 1 237 7 view .LVU22
 136 0014 B0FBF3F0 		udiv	r0, r0, r3
 137 0018 FFF7FEFF 		bl	HAL_SYSTICK_Config
 138              	.LVL3:
 139              		.loc 1 237 6 view .LVU23
 140 001c 0446     		mov	r4, r0
 141 001e 58B9     		cbnz	r0, .L9
 238:Drivers/STM32F1xx_HAL_Driver/Src/stm32f1xx_hal.c ****   {
 239:Drivers/STM32F1xx_HAL_Driver/Src/stm32f1xx_hal.c ****     return HAL_ERROR;
 240:Drivers/STM32F1xx_HAL_Driver/Src/stm32f1xx_hal.c ****   }
 241:Drivers/STM32F1xx_HAL_Driver/Src/stm32f1xx_hal.c **** 
 242:Drivers/STM32F1xx_HAL_Driver/Src/stm32f1xx_hal.c ****   /* Configure the SysTick IRQ priority */
 243:Drivers/STM32F1xx_HAL_Driver/Src/stm32f1xx_hal.c ****   if (TickPriority < (1UL << __NVIC_PRIO_BITS))
 142              		.loc 1 243 3 is_stmt 1 view .LVU24
 143              		.loc 1 243 6 is_stmt 0 view .LVU25
 144 0020 0F2D     		cmp	r5, #15
 145 0022 09D8     		bhi	.L9
 146              	.LVL4:
 147              	.LBB4:
 148              	.LBI4:
 234:Drivers/STM32F1xx_HAL_Driver/Src/stm32f1xx_hal.c **** {
ARM GAS  /tmp/ccur3hJ9.s 			page 8


 149              		.loc 1 234 26 is_stmt 1 view .LVU26
 150              	.LBB5:
 244:Drivers/STM32F1xx_HAL_Driver/Src/stm32f1xx_hal.c ****   {
 245:Drivers/STM32F1xx_HAL_Driver/Src/stm32f1xx_hal.c ****     HAL_NVIC_SetPriority(SysTick_IRQn, TickPriority, 0U);
 151              		.loc 1 245 5 view .LVU27
 152 0024 0246     		mov	r2, r0
 153 0026 2946     		mov	r1, r5
 154 0028 4FF0FF30 		mov	r0, #-1
 155 002c FFF7FEFF 		bl	HAL_NVIC_SetPriority
 156              	.LVL5:
 246:Drivers/STM32F1xx_HAL_Driver/Src/stm32f1xx_hal.c ****     uwTickPrio = TickPriority;
 157              		.loc 1 246 5 view .LVU28
 158              		.loc 1 246 16 is_stmt 0 view .LVU29
 159 0030 2046     		mov	r0, r4
 160 0032 044B     		ldr	r3, .L10+8
 161 0034 1D60     		str	r5, [r3]
 247:Drivers/STM32F1xx_HAL_Driver/Src/stm32f1xx_hal.c ****   }
 248:Drivers/STM32F1xx_HAL_Driver/Src/stm32f1xx_hal.c ****   else
 249:Drivers/STM32F1xx_HAL_Driver/Src/stm32f1xx_hal.c ****   {
 250:Drivers/STM32F1xx_HAL_Driver/Src/stm32f1xx_hal.c ****     return HAL_ERROR;
 251:Drivers/STM32F1xx_HAL_Driver/Src/stm32f1xx_hal.c ****   }
 252:Drivers/STM32F1xx_HAL_Driver/Src/stm32f1xx_hal.c **** 
 253:Drivers/STM32F1xx_HAL_Driver/Src/stm32f1xx_hal.c ****   /* Return function status */
 254:Drivers/STM32F1xx_HAL_Driver/Src/stm32f1xx_hal.c ****   return HAL_OK;
 162              		.loc 1 254 3 is_stmt 1 view .LVU30
 163              	.LVL6:
 164              	.L7:
 165              		.loc 1 254 3 is_stmt 0 view .LVU31
 166              	.LBE5:
 167              	.LBE4:
 255:Drivers/STM32F1xx_HAL_Driver/Src/stm32f1xx_hal.c **** }
 168              		.loc 1 255 1 view .LVU32
 169 0036 38BD     		pop	{r3, r4, r5, pc}
 170              	.LVL7:
 171              	.L9:
 239:Drivers/STM32F1xx_HAL_Driver/Src/stm32f1xx_hal.c ****   }
 172              		.loc 1 239 12 view .LVU33
 173 0038 0120     		movs	r0, #1
 174 003a FCE7     		b	.L7
 175              	.L11:
 176              		.align	2
 177              	.L10:
 178 003c 00000000 		.word	uwTickFreq
 179 0040 00000000 		.word	SystemCoreClock
 180 0044 00000000 		.word	uwTickPrio
 181              		.cfi_endproc
 182              	.LFE69:
 184              		.section	.text.HAL_Init,"ax",%progbits
 185              		.align	1
 186              		.global	HAL_Init
 187              		.syntax unified
 188              		.thumb
 189              		.thumb_func
 191              	HAL_Init:
 192              	.LFB65:
 143:Drivers/STM32F1xx_HAL_Driver/Src/stm32f1xx_hal.c ****   /* Configure Flash prefetch */
 193              		.loc 1 143 1 is_stmt 1 view -0
ARM GAS  /tmp/ccur3hJ9.s 			page 9


 194              		.cfi_startproc
 195              		@ args = 0, pretend = 0, frame = 0
 196              		@ frame_needed = 0, uses_anonymous_args = 0
 152:Drivers/STM32F1xx_HAL_Driver/Src/stm32f1xx_hal.c **** #endif
 197              		.loc 1 152 3 view .LVU35
 198 0000 074A     		ldr	r2, .L13
 143:Drivers/STM32F1xx_HAL_Driver/Src/stm32f1xx_hal.c ****   /* Configure Flash prefetch */
 199              		.loc 1 143 1 is_stmt 0 view .LVU36
 200 0002 08B5     		push	{r3, lr}
 201              		.cfi_def_cfa_offset 8
 202              		.cfi_offset 3, -8
 203              		.cfi_offset 14, -4
 152:Drivers/STM32F1xx_HAL_Driver/Src/stm32f1xx_hal.c **** #endif
 204              		.loc 1 152 3 view .LVU37
 205 0004 1368     		ldr	r3, [r2]
 157:Drivers/STM32F1xx_HAL_Driver/Src/stm32f1xx_hal.c **** 
 206              		.loc 1 157 3 view .LVU38
 207 0006 0320     		movs	r0, #3
 152:Drivers/STM32F1xx_HAL_Driver/Src/stm32f1xx_hal.c **** #endif
 208              		.loc 1 152 3 view .LVU39
 209 0008 43F01003 		orr	r3, r3, #16
 210 000c 1360     		str	r3, [r2]
 157:Drivers/STM32F1xx_HAL_Driver/Src/stm32f1xx_hal.c **** 
 211              		.loc 1 157 3 is_stmt 1 view .LVU40
 212 000e FFF7FEFF 		bl	HAL_NVIC_SetPriorityGrouping
 213              	.LVL8:
 160:Drivers/STM32F1xx_HAL_Driver/Src/stm32f1xx_hal.c **** 
 214              		.loc 1 160 3 view .LVU41
 215 0012 0F20     		movs	r0, #15
 216 0014 FFF7FEFF 		bl	HAL_InitTick
 217              	.LVL9:
 163:Drivers/STM32F1xx_HAL_Driver/Src/stm32f1xx_hal.c **** 
 218              		.loc 1 163 3 view .LVU42
 219 0018 FFF7FEFF 		bl	HAL_MspInit
 220              	.LVL10:
 166:Drivers/STM32F1xx_HAL_Driver/Src/stm32f1xx_hal.c **** }
 221              		.loc 1 166 3 view .LVU43
 167:Drivers/STM32F1xx_HAL_Driver/Src/stm32f1xx_hal.c **** 
 222              		.loc 1 167 1 is_stmt 0 view .LVU44
 223 001c 0020     		movs	r0, #0
 224 001e 08BD     		pop	{r3, pc}
 225              	.L14:
 226              		.align	2
 227              	.L13:
 228 0020 00200240 		.word	1073881088
 229              		.cfi_endproc
 230              	.LFE65:
 232              		.section	.text.HAL_IncTick,"ax",%progbits
 233              		.align	1
 234              		.weak	HAL_IncTick
 235              		.syntax unified
 236              		.thumb
 237              		.thumb_func
 239              	HAL_IncTick:
 240              	.LFB70:
 256:Drivers/STM32F1xx_HAL_Driver/Src/stm32f1xx_hal.c **** 
 257:Drivers/STM32F1xx_HAL_Driver/Src/stm32f1xx_hal.c **** /**
ARM GAS  /tmp/ccur3hJ9.s 			page 10


 258:Drivers/STM32F1xx_HAL_Driver/Src/stm32f1xx_hal.c ****   * @}
 259:Drivers/STM32F1xx_HAL_Driver/Src/stm32f1xx_hal.c ****   */
 260:Drivers/STM32F1xx_HAL_Driver/Src/stm32f1xx_hal.c **** 
 261:Drivers/STM32F1xx_HAL_Driver/Src/stm32f1xx_hal.c **** /** @defgroup HAL_Exported_Functions_Group2 HAL Control functions
 262:Drivers/STM32F1xx_HAL_Driver/Src/stm32f1xx_hal.c ****   *  @brief    HAL Control functions
 263:Drivers/STM32F1xx_HAL_Driver/Src/stm32f1xx_hal.c ****   *
 264:Drivers/STM32F1xx_HAL_Driver/Src/stm32f1xx_hal.c **** @verbatim
 265:Drivers/STM32F1xx_HAL_Driver/Src/stm32f1xx_hal.c ****  ===============================================================================
 266:Drivers/STM32F1xx_HAL_Driver/Src/stm32f1xx_hal.c ****                       ##### HAL Control functions #####
 267:Drivers/STM32F1xx_HAL_Driver/Src/stm32f1xx_hal.c ****  ===============================================================================
 268:Drivers/STM32F1xx_HAL_Driver/Src/stm32f1xx_hal.c ****     [..]  This section provides functions allowing to:
 269:Drivers/STM32F1xx_HAL_Driver/Src/stm32f1xx_hal.c ****       (+) Provide a tick value in millisecond
 270:Drivers/STM32F1xx_HAL_Driver/Src/stm32f1xx_hal.c ****       (+) Provide a blocking delay in millisecond
 271:Drivers/STM32F1xx_HAL_Driver/Src/stm32f1xx_hal.c ****       (+) Suspend the time base source interrupt
 272:Drivers/STM32F1xx_HAL_Driver/Src/stm32f1xx_hal.c ****       (+) Resume the time base source interrupt
 273:Drivers/STM32F1xx_HAL_Driver/Src/stm32f1xx_hal.c ****       (+) Get the HAL API driver version
 274:Drivers/STM32F1xx_HAL_Driver/Src/stm32f1xx_hal.c ****       (+) Get the device identifier
 275:Drivers/STM32F1xx_HAL_Driver/Src/stm32f1xx_hal.c ****       (+) Get the device revision identifier
 276:Drivers/STM32F1xx_HAL_Driver/Src/stm32f1xx_hal.c ****       (+) Enable/Disable Debug module during SLEEP mode
 277:Drivers/STM32F1xx_HAL_Driver/Src/stm32f1xx_hal.c ****       (+) Enable/Disable Debug module during STOP mode
 278:Drivers/STM32F1xx_HAL_Driver/Src/stm32f1xx_hal.c ****       (+) Enable/Disable Debug module during STANDBY mode
 279:Drivers/STM32F1xx_HAL_Driver/Src/stm32f1xx_hal.c **** 
 280:Drivers/STM32F1xx_HAL_Driver/Src/stm32f1xx_hal.c **** @endverbatim
 281:Drivers/STM32F1xx_HAL_Driver/Src/stm32f1xx_hal.c ****   * @{
 282:Drivers/STM32F1xx_HAL_Driver/Src/stm32f1xx_hal.c ****   */
 283:Drivers/STM32F1xx_HAL_Driver/Src/stm32f1xx_hal.c **** 
 284:Drivers/STM32F1xx_HAL_Driver/Src/stm32f1xx_hal.c **** /**
 285:Drivers/STM32F1xx_HAL_Driver/Src/stm32f1xx_hal.c ****   * @brief This function is called to increment  a global variable "uwTick"
 286:Drivers/STM32F1xx_HAL_Driver/Src/stm32f1xx_hal.c ****   *        used as application time base.
 287:Drivers/STM32F1xx_HAL_Driver/Src/stm32f1xx_hal.c ****   * @note In the default implementation, this variable is incremented each 1ms
 288:Drivers/STM32F1xx_HAL_Driver/Src/stm32f1xx_hal.c ****   *       in SysTick ISR.
 289:Drivers/STM32F1xx_HAL_Driver/Src/stm32f1xx_hal.c ****   * @note This function is declared as __weak to be overwritten in case of other
 290:Drivers/STM32F1xx_HAL_Driver/Src/stm32f1xx_hal.c ****   *      implementations in user file.
 291:Drivers/STM32F1xx_HAL_Driver/Src/stm32f1xx_hal.c ****   * @retval None
 292:Drivers/STM32F1xx_HAL_Driver/Src/stm32f1xx_hal.c ****   */
 293:Drivers/STM32F1xx_HAL_Driver/Src/stm32f1xx_hal.c **** __weak void HAL_IncTick(void)
 294:Drivers/STM32F1xx_HAL_Driver/Src/stm32f1xx_hal.c **** {
 241              		.loc 1 294 1 is_stmt 1 view -0
 242              		.cfi_startproc
 243              		@ args = 0, pretend = 0, frame = 0
 244              		@ frame_needed = 0, uses_anonymous_args = 0
 245              		@ link register save eliminated.
 295:Drivers/STM32F1xx_HAL_Driver/Src/stm32f1xx_hal.c ****   uwTick += uwTickFreq;
 246              		.loc 1 295 3 view .LVU46
 247              		.loc 1 295 10 is_stmt 0 view .LVU47
 248 0000 034A     		ldr	r2, .L16
 249 0002 044B     		ldr	r3, .L16+4
 250 0004 1168     		ldr	r1, [r2]
 251 0006 1B78     		ldrb	r3, [r3]	@ zero_extendqisi2
 252 0008 0B44     		add	r3, r3, r1
 253 000a 1360     		str	r3, [r2]
 296:Drivers/STM32F1xx_HAL_Driver/Src/stm32f1xx_hal.c **** }
 254              		.loc 1 296 1 view .LVU48
 255 000c 7047     		bx	lr
 256              	.L17:
 257 000e 00BF     		.align	2
 258              	.L16:
ARM GAS  /tmp/ccur3hJ9.s 			page 11


 259 0010 00000000 		.word	uwTick
 260 0014 00000000 		.word	uwTickFreq
 261              		.cfi_endproc
 262              	.LFE70:
 264              		.section	.text.HAL_GetTick,"ax",%progbits
 265              		.align	1
 266              		.weak	HAL_GetTick
 267              		.syntax unified
 268              		.thumb
 269              		.thumb_func
 271              	HAL_GetTick:
 272              	.LFB71:
 297:Drivers/STM32F1xx_HAL_Driver/Src/stm32f1xx_hal.c **** 
 298:Drivers/STM32F1xx_HAL_Driver/Src/stm32f1xx_hal.c **** /**
 299:Drivers/STM32F1xx_HAL_Driver/Src/stm32f1xx_hal.c ****   * @brief Provides a tick value in millisecond.
 300:Drivers/STM32F1xx_HAL_Driver/Src/stm32f1xx_hal.c ****   * @note  This function is declared as __weak to be overwritten in case of other
 301:Drivers/STM32F1xx_HAL_Driver/Src/stm32f1xx_hal.c ****   *       implementations in user file.
 302:Drivers/STM32F1xx_HAL_Driver/Src/stm32f1xx_hal.c ****   * @retval tick value
 303:Drivers/STM32F1xx_HAL_Driver/Src/stm32f1xx_hal.c ****   */
 304:Drivers/STM32F1xx_HAL_Driver/Src/stm32f1xx_hal.c **** __weak uint32_t HAL_GetTick(void)
 305:Drivers/STM32F1xx_HAL_Driver/Src/stm32f1xx_hal.c **** {
 273              		.loc 1 305 1 is_stmt 1 view -0
 274              		.cfi_startproc
 275              		@ args = 0, pretend = 0, frame = 0
 276              		@ frame_needed = 0, uses_anonymous_args = 0
 277              		@ link register save eliminated.
 306:Drivers/STM32F1xx_HAL_Driver/Src/stm32f1xx_hal.c ****   return uwTick;
 278              		.loc 1 306 3 view .LVU50
 279              		.loc 1 306 10 is_stmt 0 view .LVU51
 280 0000 014B     		ldr	r3, .L19
 281 0002 1868     		ldr	r0, [r3]
 307:Drivers/STM32F1xx_HAL_Driver/Src/stm32f1xx_hal.c **** }
 282              		.loc 1 307 1 view .LVU52
 283 0004 7047     		bx	lr
 284              	.L20:
 285 0006 00BF     		.align	2
 286              	.L19:
 287 0008 00000000 		.word	uwTick
 288              		.cfi_endproc
 289              	.LFE71:
 291              		.section	.text.HAL_GetTickPrio,"ax",%progbits
 292              		.align	1
 293              		.global	HAL_GetTickPrio
 294              		.syntax unified
 295              		.thumb
 296              		.thumb_func
 298              	HAL_GetTickPrio:
 299              	.LFB72:
 308:Drivers/STM32F1xx_HAL_Driver/Src/stm32f1xx_hal.c **** 
 309:Drivers/STM32F1xx_HAL_Driver/Src/stm32f1xx_hal.c **** /**
 310:Drivers/STM32F1xx_HAL_Driver/Src/stm32f1xx_hal.c ****   * @brief This function returns a tick priority.
 311:Drivers/STM32F1xx_HAL_Driver/Src/stm32f1xx_hal.c ****   * @retval tick priority
 312:Drivers/STM32F1xx_HAL_Driver/Src/stm32f1xx_hal.c ****   */
 313:Drivers/STM32F1xx_HAL_Driver/Src/stm32f1xx_hal.c **** uint32_t HAL_GetTickPrio(void)
 314:Drivers/STM32F1xx_HAL_Driver/Src/stm32f1xx_hal.c **** {
 300              		.loc 1 314 1 is_stmt 1 view -0
 301              		.cfi_startproc
ARM GAS  /tmp/ccur3hJ9.s 			page 12


 302              		@ args = 0, pretend = 0, frame = 0
 303              		@ frame_needed = 0, uses_anonymous_args = 0
 304              		@ link register save eliminated.
 315:Drivers/STM32F1xx_HAL_Driver/Src/stm32f1xx_hal.c ****   return uwTickPrio;
 305              		.loc 1 315 3 view .LVU54
 316:Drivers/STM32F1xx_HAL_Driver/Src/stm32f1xx_hal.c **** }
 306              		.loc 1 316 1 is_stmt 0 view .LVU55
 307 0000 014B     		ldr	r3, .L22
 308 0002 1868     		ldr	r0, [r3]
 309 0004 7047     		bx	lr
 310              	.L23:
 311 0006 00BF     		.align	2
 312              	.L22:
 313 0008 00000000 		.word	uwTickPrio
 314              		.cfi_endproc
 315              	.LFE72:
 317              		.section	.rodata.HAL_SetTickFreq.str1.1,"aMS",%progbits,1
 318              	.LC0:
 319 0000 44726976 		.ascii	"Drivers/STM32F1xx_HAL_Driver/Src/stm32f1xx_hal.c\000"
 319      6572732F 
 319      53544D33 
 319      32463178 
 319      785F4841 
 320              		.section	.text.HAL_SetTickFreq,"ax",%progbits
 321              		.align	1
 322              		.global	HAL_SetTickFreq
 323              		.syntax unified
 324              		.thumb
 325              		.thumb_func
 327              	HAL_SetTickFreq:
 328              	.LVL11:
 329              	.LFB73:
 317:Drivers/STM32F1xx_HAL_Driver/Src/stm32f1xx_hal.c **** 
 318:Drivers/STM32F1xx_HAL_Driver/Src/stm32f1xx_hal.c **** /**
 319:Drivers/STM32F1xx_HAL_Driver/Src/stm32f1xx_hal.c ****   * @brief Set new tick Freq.
 320:Drivers/STM32F1xx_HAL_Driver/Src/stm32f1xx_hal.c ****   * @retval status
 321:Drivers/STM32F1xx_HAL_Driver/Src/stm32f1xx_hal.c ****   */
 322:Drivers/STM32F1xx_HAL_Driver/Src/stm32f1xx_hal.c **** HAL_StatusTypeDef HAL_SetTickFreq(HAL_TickFreqTypeDef Freq)
 323:Drivers/STM32F1xx_HAL_Driver/Src/stm32f1xx_hal.c **** {
 330              		.loc 1 323 1 is_stmt 1 view -0
 331              		.cfi_startproc
 332              		@ args = 0, pretend = 0, frame = 0
 333              		@ frame_needed = 0, uses_anonymous_args = 0
 324:Drivers/STM32F1xx_HAL_Driver/Src/stm32f1xx_hal.c ****   HAL_StatusTypeDef status  = HAL_OK;
 334              		.loc 1 324 3 view .LVU57
 325:Drivers/STM32F1xx_HAL_Driver/Src/stm32f1xx_hal.c ****   HAL_TickFreqTypeDef prevTickFreq;
 335              		.loc 1 325 3 view .LVU58
 326:Drivers/STM32F1xx_HAL_Driver/Src/stm32f1xx_hal.c **** 
 327:Drivers/STM32F1xx_HAL_Driver/Src/stm32f1xx_hal.c ****   assert_param(IS_TICKFREQ(Freq));
 336              		.loc 1 327 3 view .LVU59
 337 0000 6428     		cmp	r0, #100
 323:Drivers/STM32F1xx_HAL_Driver/Src/stm32f1xx_hal.c ****   HAL_StatusTypeDef status  = HAL_OK;
 338              		.loc 1 323 1 is_stmt 0 view .LVU60
 339 0002 70B5     		push	{r4, r5, r6, lr}
 340              		.cfi_def_cfa_offset 16
 341              		.cfi_offset 4, -16
 342              		.cfi_offset 5, -12
ARM GAS  /tmp/ccur3hJ9.s 			page 13


 343              		.cfi_offset 6, -8
 344              		.cfi_offset 14, -4
 323:Drivers/STM32F1xx_HAL_Driver/Src/stm32f1xx_hal.c ****   HAL_StatusTypeDef status  = HAL_OK;
 345              		.loc 1 323 1 view .LVU61
 346 0004 0446     		mov	r4, r0
 347              		.loc 1 327 3 view .LVU62
 348 0006 08D0     		beq	.L25
 349              		.loc 1 327 3 discriminator 1 view .LVU63
 350 0008 0A28     		cmp	r0, #10
 351 000a 06D0     		beq	.L25
 352              		.loc 1 327 3 discriminator 2 view .LVU64
 353 000c 0128     		cmp	r0, #1
 354 000e 04D0     		beq	.L25
 355              		.loc 1 327 3 discriminator 3 view .LVU65
 356 0010 40F24711 		movw	r1, #327
 357 0014 0848     		ldr	r0, .L38
 358              	.LVL12:
 359              		.loc 1 327 3 discriminator 3 view .LVU66
 360 0016 FFF7FEFF 		bl	assert_failed
 361              	.LVL13:
 362              	.L25:
 328:Drivers/STM32F1xx_HAL_Driver/Src/stm32f1xx_hal.c **** 
 329:Drivers/STM32F1xx_HAL_Driver/Src/stm32f1xx_hal.c ****   if (uwTickFreq != Freq)
 363              		.loc 1 329 3 is_stmt 1 view .LVU67
 364              		.loc 1 329 18 is_stmt 0 view .LVU68
 365 001a 084D     		ldr	r5, .L38+4
 366 001c 2E78     		ldrb	r6, [r5]	@ zero_extendqisi2
 367              		.loc 1 329 6 view .LVU69
 368 001e A642     		cmp	r6, r4
 369 0020 05D0     		beq	.L26
 330:Drivers/STM32F1xx_HAL_Driver/Src/stm32f1xx_hal.c ****   {
 331:Drivers/STM32F1xx_HAL_Driver/Src/stm32f1xx_hal.c ****     /* Back up uwTickFreq frequency */
 332:Drivers/STM32F1xx_HAL_Driver/Src/stm32f1xx_hal.c ****     prevTickFreq = uwTickFreq;
 370              		.loc 1 332 5 is_stmt 1 view .LVU70
 371              	.LVL14:
 333:Drivers/STM32F1xx_HAL_Driver/Src/stm32f1xx_hal.c **** 
 334:Drivers/STM32F1xx_HAL_Driver/Src/stm32f1xx_hal.c ****     /* Update uwTickFreq global variable used by HAL_InitTick() */
 335:Drivers/STM32F1xx_HAL_Driver/Src/stm32f1xx_hal.c ****     uwTickFreq = Freq;
 372              		.loc 1 335 5 view .LVU71
 336:Drivers/STM32F1xx_HAL_Driver/Src/stm32f1xx_hal.c **** 
 337:Drivers/STM32F1xx_HAL_Driver/Src/stm32f1xx_hal.c ****     /* Apply the new tick Freq  */
 338:Drivers/STM32F1xx_HAL_Driver/Src/stm32f1xx_hal.c ****     status = HAL_InitTick(uwTickPrio);
 373              		.loc 1 338 14 is_stmt 0 view .LVU72
 374 0022 074B     		ldr	r3, .L38+8
 335:Drivers/STM32F1xx_HAL_Driver/Src/stm32f1xx_hal.c **** 
 375              		.loc 1 335 16 view .LVU73
 376 0024 2C70     		strb	r4, [r5]
 377              		.loc 1 338 5 is_stmt 1 view .LVU74
 378              		.loc 1 338 14 is_stmt 0 view .LVU75
 379 0026 1868     		ldr	r0, [r3]
 380 0028 FFF7FEFF 		bl	HAL_InitTick
 381              	.LVL15:
 339:Drivers/STM32F1xx_HAL_Driver/Src/stm32f1xx_hal.c **** 
 340:Drivers/STM32F1xx_HAL_Driver/Src/stm32f1xx_hal.c ****     if (status != HAL_OK)
 382              		.loc 1 340 5 is_stmt 1 view .LVU76
 383              		.loc 1 340 8 is_stmt 0 view .LVU77
 384 002c 08B9     		cbnz	r0, .L27
ARM GAS  /tmp/ccur3hJ9.s 			page 14


 385              	.LVL16:
 386              	.L26:
 324:Drivers/STM32F1xx_HAL_Driver/Src/stm32f1xx_hal.c ****   HAL_TickFreqTypeDef prevTickFreq;
 387              		.loc 1 324 21 view .LVU78
 388 002e 0020     		movs	r0, #0
 389              	.L28:
 390              	.LVL17:
 341:Drivers/STM32F1xx_HAL_Driver/Src/stm32f1xx_hal.c ****     {
 342:Drivers/STM32F1xx_HAL_Driver/Src/stm32f1xx_hal.c ****       /* Restore previous tick frequency */
 343:Drivers/STM32F1xx_HAL_Driver/Src/stm32f1xx_hal.c ****       uwTickFreq = prevTickFreq;
 344:Drivers/STM32F1xx_HAL_Driver/Src/stm32f1xx_hal.c ****     }
 345:Drivers/STM32F1xx_HAL_Driver/Src/stm32f1xx_hal.c ****   }
 346:Drivers/STM32F1xx_HAL_Driver/Src/stm32f1xx_hal.c **** 
 347:Drivers/STM32F1xx_HAL_Driver/Src/stm32f1xx_hal.c ****   return status;
 391              		.loc 1 347 3 is_stmt 1 view .LVU79
 348:Drivers/STM32F1xx_HAL_Driver/Src/stm32f1xx_hal.c **** }
 392              		.loc 1 348 1 is_stmt 0 view .LVU80
 393 0030 70BD     		pop	{r4, r5, r6, pc}
 394              	.LVL18:
 395              	.L27:
 343:Drivers/STM32F1xx_HAL_Driver/Src/stm32f1xx_hal.c ****     }
 396              		.loc 1 343 7 is_stmt 1 view .LVU81
 343:Drivers/STM32F1xx_HAL_Driver/Src/stm32f1xx_hal.c ****     }
 397              		.loc 1 343 18 is_stmt 0 view .LVU82
 398 0032 2E70     		strb	r6, [r5]
 399 0034 FCE7     		b	.L28
 400              	.L39:
 401 0036 00BF     		.align	2
 402              	.L38:
 403 0038 00000000 		.word	.LC0
 404 003c 00000000 		.word	uwTickFreq
 405 0040 00000000 		.word	uwTickPrio
 406              		.cfi_endproc
 407              	.LFE73:
 409              		.section	.text.HAL_GetTickFreq,"ax",%progbits
 410              		.align	1
 411              		.global	HAL_GetTickFreq
 412              		.syntax unified
 413              		.thumb
 414              		.thumb_func
 416              	HAL_GetTickFreq:
 417              	.LFB74:
 349:Drivers/STM32F1xx_HAL_Driver/Src/stm32f1xx_hal.c **** 
 350:Drivers/STM32F1xx_HAL_Driver/Src/stm32f1xx_hal.c **** /**
 351:Drivers/STM32F1xx_HAL_Driver/Src/stm32f1xx_hal.c ****   * @brief Return tick frequency.
 352:Drivers/STM32F1xx_HAL_Driver/Src/stm32f1xx_hal.c ****   * @retval Tick frequency.
 353:Drivers/STM32F1xx_HAL_Driver/Src/stm32f1xx_hal.c ****   *         Value of @ref HAL_TickFreqTypeDef.
 354:Drivers/STM32F1xx_HAL_Driver/Src/stm32f1xx_hal.c ****   */
 355:Drivers/STM32F1xx_HAL_Driver/Src/stm32f1xx_hal.c **** HAL_TickFreqTypeDef HAL_GetTickFreq(void)
 356:Drivers/STM32F1xx_HAL_Driver/Src/stm32f1xx_hal.c **** {
 418              		.loc 1 356 1 is_stmt 1 view -0
 419              		.cfi_startproc
 420              		@ args = 0, pretend = 0, frame = 0
 421              		@ frame_needed = 0, uses_anonymous_args = 0
 422              		@ link register save eliminated.
 357:Drivers/STM32F1xx_HAL_Driver/Src/stm32f1xx_hal.c ****   return uwTickFreq;
 423              		.loc 1 357 3 view .LVU84
ARM GAS  /tmp/ccur3hJ9.s 			page 15


 358:Drivers/STM32F1xx_HAL_Driver/Src/stm32f1xx_hal.c **** }
 424              		.loc 1 358 1 is_stmt 0 view .LVU85
 425 0000 014B     		ldr	r3, .L41
 426 0002 1878     		ldrb	r0, [r3]	@ zero_extendqisi2
 427 0004 7047     		bx	lr
 428              	.L42:
 429 0006 00BF     		.align	2
 430              	.L41:
 431 0008 00000000 		.word	uwTickFreq
 432              		.cfi_endproc
 433              	.LFE74:
 435              		.section	.text.HAL_Delay,"ax",%progbits
 436              		.align	1
 437              		.weak	HAL_Delay
 438              		.syntax unified
 439              		.thumb
 440              		.thumb_func
 442              	HAL_Delay:
 443              	.LVL19:
 444              	.LFB75:
 359:Drivers/STM32F1xx_HAL_Driver/Src/stm32f1xx_hal.c **** 
 360:Drivers/STM32F1xx_HAL_Driver/Src/stm32f1xx_hal.c **** /**
 361:Drivers/STM32F1xx_HAL_Driver/Src/stm32f1xx_hal.c ****   * @brief This function provides minimum delay (in milliseconds) based
 362:Drivers/STM32F1xx_HAL_Driver/Src/stm32f1xx_hal.c ****   *        on variable incremented.
 363:Drivers/STM32F1xx_HAL_Driver/Src/stm32f1xx_hal.c ****   * @note In the default implementation , SysTick timer is the source of time base.
 364:Drivers/STM32F1xx_HAL_Driver/Src/stm32f1xx_hal.c ****   *       It is used to generate interrupts at regular time intervals where uwTick
 365:Drivers/STM32F1xx_HAL_Driver/Src/stm32f1xx_hal.c ****   *       is incremented.
 366:Drivers/STM32F1xx_HAL_Driver/Src/stm32f1xx_hal.c ****   * @note This function is declared as __weak to be overwritten in case of other
 367:Drivers/STM32F1xx_HAL_Driver/Src/stm32f1xx_hal.c ****   *       implementations in user file.
 368:Drivers/STM32F1xx_HAL_Driver/Src/stm32f1xx_hal.c ****   * @param Delay specifies the delay time length, in milliseconds.
 369:Drivers/STM32F1xx_HAL_Driver/Src/stm32f1xx_hal.c ****   * @retval None
 370:Drivers/STM32F1xx_HAL_Driver/Src/stm32f1xx_hal.c ****   */
 371:Drivers/STM32F1xx_HAL_Driver/Src/stm32f1xx_hal.c **** __weak void HAL_Delay(uint32_t Delay)
 372:Drivers/STM32F1xx_HAL_Driver/Src/stm32f1xx_hal.c **** {
 445              		.loc 1 372 1 is_stmt 1 view -0
 446              		.cfi_startproc
 447              		@ args = 0, pretend = 0, frame = 0
 448              		@ frame_needed = 0, uses_anonymous_args = 0
 373:Drivers/STM32F1xx_HAL_Driver/Src/stm32f1xx_hal.c ****   uint32_t tickstart = HAL_GetTick();
 449              		.loc 1 373 3 view .LVU87
 372:Drivers/STM32F1xx_HAL_Driver/Src/stm32f1xx_hal.c ****   uint32_t tickstart = HAL_GetTick();
 450              		.loc 1 372 1 is_stmt 0 view .LVU88
 451 0000 38B5     		push	{r3, r4, r5, lr}
 452              		.cfi_def_cfa_offset 16
 453              		.cfi_offset 3, -16
 454              		.cfi_offset 4, -12
 455              		.cfi_offset 5, -8
 456              		.cfi_offset 14, -4
 372:Drivers/STM32F1xx_HAL_Driver/Src/stm32f1xx_hal.c ****   uint32_t tickstart = HAL_GetTick();
 457              		.loc 1 372 1 view .LVU89
 458 0002 0446     		mov	r4, r0
 459              		.loc 1 373 24 view .LVU90
 460 0004 FFF7FEFF 		bl	HAL_GetTick
 461              	.LVL20:
 462              		.loc 1 373 24 view .LVU91
 463 0008 0546     		mov	r5, r0
 464              	.LVL21:
ARM GAS  /tmp/ccur3hJ9.s 			page 16


 374:Drivers/STM32F1xx_HAL_Driver/Src/stm32f1xx_hal.c ****   uint32_t wait = Delay;
 465              		.loc 1 374 3 is_stmt 1 view .LVU92
 375:Drivers/STM32F1xx_HAL_Driver/Src/stm32f1xx_hal.c **** 
 376:Drivers/STM32F1xx_HAL_Driver/Src/stm32f1xx_hal.c ****   /* Add a freq to guarantee minimum wait */
 377:Drivers/STM32F1xx_HAL_Driver/Src/stm32f1xx_hal.c ****   if (wait < HAL_MAX_DELAY)
 466              		.loc 1 377 3 view .LVU93
 467              		.loc 1 377 6 is_stmt 0 view .LVU94
 468 000a 631C     		adds	r3, r4, #1
 378:Drivers/STM32F1xx_HAL_Driver/Src/stm32f1xx_hal.c ****   {
 379:Drivers/STM32F1xx_HAL_Driver/Src/stm32f1xx_hal.c ****     wait += (uint32_t)(uwTickFreq);
 469              		.loc 1 379 5 is_stmt 1 view .LVU95
 470              		.loc 1 379 13 is_stmt 0 view .LVU96
 471 000c 1EBF     		ittt	ne
 472 000e 044B     		ldrne	r3, .L50
 473 0010 1B78     		ldrbne	r3, [r3]	@ zero_extendqisi2
 474              		.loc 1 379 10 view .LVU97
 475 0012 E418     		addne	r4, r4, r3
 476              	.LVL22:
 477              	.L45:
 380:Drivers/STM32F1xx_HAL_Driver/Src/stm32f1xx_hal.c ****   }
 381:Drivers/STM32F1xx_HAL_Driver/Src/stm32f1xx_hal.c **** 
 382:Drivers/STM32F1xx_HAL_Driver/Src/stm32f1xx_hal.c ****   while ((HAL_GetTick() - tickstart) < wait)
 383:Drivers/STM32F1xx_HAL_Driver/Src/stm32f1xx_hal.c ****   {
 384:Drivers/STM32F1xx_HAL_Driver/Src/stm32f1xx_hal.c ****   }
 478              		.loc 1 384 3 is_stmt 1 discriminator 1 view .LVU98
 382:Drivers/STM32F1xx_HAL_Driver/Src/stm32f1xx_hal.c ****   {
 479              		.loc 1 382 38 discriminator 1 view .LVU99
 382:Drivers/STM32F1xx_HAL_Driver/Src/stm32f1xx_hal.c ****   {
 480              		.loc 1 382 11 is_stmt 0 discriminator 1 view .LVU100
 481 0014 FFF7FEFF 		bl	HAL_GetTick
 482              	.LVL23:
 382:Drivers/STM32F1xx_HAL_Driver/Src/stm32f1xx_hal.c ****   {
 483              		.loc 1 382 25 discriminator 1 view .LVU101
 484 0018 431B     		subs	r3, r0, r5
 382:Drivers/STM32F1xx_HAL_Driver/Src/stm32f1xx_hal.c ****   {
 485              		.loc 1 382 38 discriminator 1 view .LVU102
 486 001a A342     		cmp	r3, r4
 487 001c FAD3     		bcc	.L45
 385:Drivers/STM32F1xx_HAL_Driver/Src/stm32f1xx_hal.c **** }
 488              		.loc 1 385 1 view .LVU103
 489 001e 38BD     		pop	{r3, r4, r5, pc}
 490              	.LVL24:
 491              	.L51:
 492              		.loc 1 385 1 view .LVU104
 493              		.align	2
 494              	.L50:
 495 0020 00000000 		.word	uwTickFreq
 496              		.cfi_endproc
 497              	.LFE75:
 499              		.section	.text.HAL_SuspendTick,"ax",%progbits
 500              		.align	1
 501              		.weak	HAL_SuspendTick
 502              		.syntax unified
 503              		.thumb
 504              		.thumb_func
 506              	HAL_SuspendTick:
 507              	.LFB76:
ARM GAS  /tmp/ccur3hJ9.s 			page 17


 386:Drivers/STM32F1xx_HAL_Driver/Src/stm32f1xx_hal.c **** 
 387:Drivers/STM32F1xx_HAL_Driver/Src/stm32f1xx_hal.c **** /**
 388:Drivers/STM32F1xx_HAL_Driver/Src/stm32f1xx_hal.c ****   * @brief Suspend Tick increment.
 389:Drivers/STM32F1xx_HAL_Driver/Src/stm32f1xx_hal.c ****   * @note In the default implementation , SysTick timer is the source of time base. It is
 390:Drivers/STM32F1xx_HAL_Driver/Src/stm32f1xx_hal.c ****   *       used to generate interrupts at regular time intervals. Once HAL_SuspendTick()
 391:Drivers/STM32F1xx_HAL_Driver/Src/stm32f1xx_hal.c ****   *       is called, the SysTick interrupt will be disabled and so Tick increment
 392:Drivers/STM32F1xx_HAL_Driver/Src/stm32f1xx_hal.c ****   *       is suspended.
 393:Drivers/STM32F1xx_HAL_Driver/Src/stm32f1xx_hal.c ****   * @note This function is declared as __weak to be overwritten in case of other
 394:Drivers/STM32F1xx_HAL_Driver/Src/stm32f1xx_hal.c ****   *       implementations in user file.
 395:Drivers/STM32F1xx_HAL_Driver/Src/stm32f1xx_hal.c ****   * @retval None
 396:Drivers/STM32F1xx_HAL_Driver/Src/stm32f1xx_hal.c ****   */
 397:Drivers/STM32F1xx_HAL_Driver/Src/stm32f1xx_hal.c **** __weak void HAL_SuspendTick(void)
 398:Drivers/STM32F1xx_HAL_Driver/Src/stm32f1xx_hal.c **** {
 508              		.loc 1 398 1 is_stmt 1 view -0
 509              		.cfi_startproc
 510              		@ args = 0, pretend = 0, frame = 0
 511              		@ frame_needed = 0, uses_anonymous_args = 0
 512              		@ link register save eliminated.
 399:Drivers/STM32F1xx_HAL_Driver/Src/stm32f1xx_hal.c ****   /* Disable SysTick Interrupt */
 400:Drivers/STM32F1xx_HAL_Driver/Src/stm32f1xx_hal.c ****   CLEAR_BIT(SysTick->CTRL, SysTick_CTRL_TICKINT_Msk);
 513              		.loc 1 400 3 view .LVU106
 514 0000 4FF0E022 		mov	r2, #-536813568
 515 0004 1369     		ldr	r3, [r2, #16]
 516 0006 23F00203 		bic	r3, r3, #2
 517 000a 1361     		str	r3, [r2, #16]
 401:Drivers/STM32F1xx_HAL_Driver/Src/stm32f1xx_hal.c **** }
 518              		.loc 1 401 1 is_stmt 0 view .LVU107
 519 000c 7047     		bx	lr
 520              		.cfi_endproc
 521              	.LFE76:
 523              		.section	.text.HAL_ResumeTick,"ax",%progbits
 524              		.align	1
 525              		.weak	HAL_ResumeTick
 526              		.syntax unified
 527              		.thumb
 528              		.thumb_func
 530              	HAL_ResumeTick:
 531              	.LFB77:
 402:Drivers/STM32F1xx_HAL_Driver/Src/stm32f1xx_hal.c **** 
 403:Drivers/STM32F1xx_HAL_Driver/Src/stm32f1xx_hal.c **** /**
 404:Drivers/STM32F1xx_HAL_Driver/Src/stm32f1xx_hal.c ****   * @brief Resume Tick increment.
 405:Drivers/STM32F1xx_HAL_Driver/Src/stm32f1xx_hal.c ****   * @note In the default implementation , SysTick timer is the source of time base. It is
 406:Drivers/STM32F1xx_HAL_Driver/Src/stm32f1xx_hal.c ****   *       used to generate interrupts at regular time intervals. Once HAL_ResumeTick()
 407:Drivers/STM32F1xx_HAL_Driver/Src/stm32f1xx_hal.c ****   *       is called, the SysTick interrupt will be enabled and so Tick increment
 408:Drivers/STM32F1xx_HAL_Driver/Src/stm32f1xx_hal.c ****   *       is resumed.
 409:Drivers/STM32F1xx_HAL_Driver/Src/stm32f1xx_hal.c ****   * @note This function is declared as __weak to be overwritten in case of other
 410:Drivers/STM32F1xx_HAL_Driver/Src/stm32f1xx_hal.c ****   *       implementations in user file.
 411:Drivers/STM32F1xx_HAL_Driver/Src/stm32f1xx_hal.c ****   * @retval None
 412:Drivers/STM32F1xx_HAL_Driver/Src/stm32f1xx_hal.c ****   */
 413:Drivers/STM32F1xx_HAL_Driver/Src/stm32f1xx_hal.c **** __weak void HAL_ResumeTick(void)
 414:Drivers/STM32F1xx_HAL_Driver/Src/stm32f1xx_hal.c **** {
 532              		.loc 1 414 1 is_stmt 1 view -0
 533              		.cfi_startproc
 534              		@ args = 0, pretend = 0, frame = 0
 535              		@ frame_needed = 0, uses_anonymous_args = 0
 536              		@ link register save eliminated.
 415:Drivers/STM32F1xx_HAL_Driver/Src/stm32f1xx_hal.c ****   /* Enable SysTick Interrupt */
ARM GAS  /tmp/ccur3hJ9.s 			page 18


 416:Drivers/STM32F1xx_HAL_Driver/Src/stm32f1xx_hal.c ****   SET_BIT(SysTick->CTRL, SysTick_CTRL_TICKINT_Msk);
 537              		.loc 1 416 3 view .LVU109
 538 0000 4FF0E022 		mov	r2, #-536813568
 539 0004 1369     		ldr	r3, [r2, #16]
 540 0006 43F00203 		orr	r3, r3, #2
 541 000a 1361     		str	r3, [r2, #16]
 417:Drivers/STM32F1xx_HAL_Driver/Src/stm32f1xx_hal.c **** }
 542              		.loc 1 417 1 is_stmt 0 view .LVU110
 543 000c 7047     		bx	lr
 544              		.cfi_endproc
 545              	.LFE77:
 547              		.section	.text.HAL_GetHalVersion,"ax",%progbits
 548              		.align	1
 549              		.global	HAL_GetHalVersion
 550              		.syntax unified
 551              		.thumb
 552              		.thumb_func
 554              	HAL_GetHalVersion:
 555              	.LFB78:
 418:Drivers/STM32F1xx_HAL_Driver/Src/stm32f1xx_hal.c **** 
 419:Drivers/STM32F1xx_HAL_Driver/Src/stm32f1xx_hal.c **** /**
 420:Drivers/STM32F1xx_HAL_Driver/Src/stm32f1xx_hal.c ****   * @brief  Returns the HAL revision
 421:Drivers/STM32F1xx_HAL_Driver/Src/stm32f1xx_hal.c ****   * @retval version 0xXYZR (8bits for each decimal, R for RC)
 422:Drivers/STM32F1xx_HAL_Driver/Src/stm32f1xx_hal.c ****   */
 423:Drivers/STM32F1xx_HAL_Driver/Src/stm32f1xx_hal.c **** uint32_t HAL_GetHalVersion(void)
 424:Drivers/STM32F1xx_HAL_Driver/Src/stm32f1xx_hal.c **** {
 556              		.loc 1 424 1 is_stmt 1 view -0
 557              		.cfi_startproc
 558              		@ args = 0, pretend = 0, frame = 0
 559              		@ frame_needed = 0, uses_anonymous_args = 0
 560              		@ link register save eliminated.
 425:Drivers/STM32F1xx_HAL_Driver/Src/stm32f1xx_hal.c ****   return __STM32F1xx_HAL_VERSION;
 561              		.loc 1 425 3 view .LVU112
 426:Drivers/STM32F1xx_HAL_Driver/Src/stm32f1xx_hal.c **** }
 562              		.loc 1 426 1 is_stmt 0 view .LVU113
 563 0000 0048     		ldr	r0, .L55
 564 0002 7047     		bx	lr
 565              	.L56:
 566              		.align	2
 567              	.L55:
 568 0004 00090101 		.word	16845056
 569              		.cfi_endproc
 570              	.LFE78:
 572              		.section	.text.HAL_GetREVID,"ax",%progbits
 573              		.align	1
 574              		.global	HAL_GetREVID
 575              		.syntax unified
 576              		.thumb
 577              		.thumb_func
 579              	HAL_GetREVID:
 580              	.LFB79:
 427:Drivers/STM32F1xx_HAL_Driver/Src/stm32f1xx_hal.c **** 
 428:Drivers/STM32F1xx_HAL_Driver/Src/stm32f1xx_hal.c **** /**
 429:Drivers/STM32F1xx_HAL_Driver/Src/stm32f1xx_hal.c ****   * @brief Returns the device revision identifier.
 430:Drivers/STM32F1xx_HAL_Driver/Src/stm32f1xx_hal.c ****   * Note: On devices STM32F10xx8 and STM32F10xxB,
 431:Drivers/STM32F1xx_HAL_Driver/Src/stm32f1xx_hal.c ****   *                  STM32F101xC/D/E and STM32F103xC/D/E,
 432:Drivers/STM32F1xx_HAL_Driver/Src/stm32f1xx_hal.c ****   *                  STM32F101xF/G and STM32F103xF/G
ARM GAS  /tmp/ccur3hJ9.s 			page 19


 433:Drivers/STM32F1xx_HAL_Driver/Src/stm32f1xx_hal.c ****   *                  STM32F10xx4 and STM32F10xx6
 434:Drivers/STM32F1xx_HAL_Driver/Src/stm32f1xx_hal.c ****   *       Debug registers DBGMCU_IDCODE and DBGMCU_CR are accessible only in
 435:Drivers/STM32F1xx_HAL_Driver/Src/stm32f1xx_hal.c ****   *       debug mode (not accessible by the user software in normal mode).
 436:Drivers/STM32F1xx_HAL_Driver/Src/stm32f1xx_hal.c ****   *       Refer to errata sheet of these devices for more details.
 437:Drivers/STM32F1xx_HAL_Driver/Src/stm32f1xx_hal.c ****   * @retval Device revision identifier
 438:Drivers/STM32F1xx_HAL_Driver/Src/stm32f1xx_hal.c ****   */
 439:Drivers/STM32F1xx_HAL_Driver/Src/stm32f1xx_hal.c **** uint32_t HAL_GetREVID(void)
 440:Drivers/STM32F1xx_HAL_Driver/Src/stm32f1xx_hal.c **** {
 581              		.loc 1 440 1 is_stmt 1 view -0
 582              		.cfi_startproc
 583              		@ args = 0, pretend = 0, frame = 0
 584              		@ frame_needed = 0, uses_anonymous_args = 0
 585              		@ link register save eliminated.
 441:Drivers/STM32F1xx_HAL_Driver/Src/stm32f1xx_hal.c ****   return ((DBGMCU->IDCODE) >> DBGMCU_IDCODE_REV_ID_Pos);
 586              		.loc 1 441 3 view .LVU115
 587              		.loc 1 441 18 is_stmt 0 view .LVU116
 588 0000 014B     		ldr	r3, .L58
 589 0002 1868     		ldr	r0, [r3]
 442:Drivers/STM32F1xx_HAL_Driver/Src/stm32f1xx_hal.c **** }
 590              		.loc 1 442 1 view .LVU117
 591 0004 000C     		lsrs	r0, r0, #16
 592 0006 7047     		bx	lr
 593              	.L59:
 594              		.align	2
 595              	.L58:
 596 0008 002004E0 		.word	-536600576
 597              		.cfi_endproc
 598              	.LFE79:
 600              		.section	.text.HAL_GetDEVID,"ax",%progbits
 601              		.align	1
 602              		.global	HAL_GetDEVID
 603              		.syntax unified
 604              		.thumb
 605              		.thumb_func
 607              	HAL_GetDEVID:
 608              	.LFB80:
 443:Drivers/STM32F1xx_HAL_Driver/Src/stm32f1xx_hal.c **** 
 444:Drivers/STM32F1xx_HAL_Driver/Src/stm32f1xx_hal.c **** /**
 445:Drivers/STM32F1xx_HAL_Driver/Src/stm32f1xx_hal.c ****   * @brief  Returns the device identifier.
 446:Drivers/STM32F1xx_HAL_Driver/Src/stm32f1xx_hal.c ****   * Note: On devices STM32F10xx8 and STM32F10xxB,
 447:Drivers/STM32F1xx_HAL_Driver/Src/stm32f1xx_hal.c ****   *                  STM32F101xC/D/E and STM32F103xC/D/E,
 448:Drivers/STM32F1xx_HAL_Driver/Src/stm32f1xx_hal.c ****   *                  STM32F101xF/G and STM32F103xF/G
 449:Drivers/STM32F1xx_HAL_Driver/Src/stm32f1xx_hal.c ****   *                  STM32F10xx4 and STM32F10xx6
 450:Drivers/STM32F1xx_HAL_Driver/Src/stm32f1xx_hal.c ****   *       Debug registers DBGMCU_IDCODE and DBGMCU_CR are accessible only in
 451:Drivers/STM32F1xx_HAL_Driver/Src/stm32f1xx_hal.c ****   *       debug mode (not accessible by the user software in normal mode).
 452:Drivers/STM32F1xx_HAL_Driver/Src/stm32f1xx_hal.c ****   *       Refer to errata sheet of these devices for more details.
 453:Drivers/STM32F1xx_HAL_Driver/Src/stm32f1xx_hal.c ****   * @retval Device identifier
 454:Drivers/STM32F1xx_HAL_Driver/Src/stm32f1xx_hal.c ****   */
 455:Drivers/STM32F1xx_HAL_Driver/Src/stm32f1xx_hal.c **** uint32_t HAL_GetDEVID(void)
 456:Drivers/STM32F1xx_HAL_Driver/Src/stm32f1xx_hal.c **** {
 609              		.loc 1 456 1 is_stmt 1 view -0
 610              		.cfi_startproc
 611              		@ args = 0, pretend = 0, frame = 0
 612              		@ frame_needed = 0, uses_anonymous_args = 0
 613              		@ link register save eliminated.
 457:Drivers/STM32F1xx_HAL_Driver/Src/stm32f1xx_hal.c ****   return ((DBGMCU->IDCODE) & IDCODE_DEVID_MASK);
 614              		.loc 1 457 3 view .LVU119
ARM GAS  /tmp/ccur3hJ9.s 			page 20


 615              		.loc 1 457 18 is_stmt 0 view .LVU120
 616 0000 024B     		ldr	r3, .L61
 617 0002 1868     		ldr	r0, [r3]
 458:Drivers/STM32F1xx_HAL_Driver/Src/stm32f1xx_hal.c **** }
 618              		.loc 1 458 1 view .LVU121
 619 0004 C0F30B00 		ubfx	r0, r0, #0, #12
 620 0008 7047     		bx	lr
 621              	.L62:
 622 000a 00BF     		.align	2
 623              	.L61:
 624 000c 002004E0 		.word	-536600576
 625              		.cfi_endproc
 626              	.LFE80:
 628              		.section	.text.HAL_GetUIDw0,"ax",%progbits
 629              		.align	1
 630              		.global	HAL_GetUIDw0
 631              		.syntax unified
 632              		.thumb
 633              		.thumb_func
 635              	HAL_GetUIDw0:
 636              	.LFB81:
 459:Drivers/STM32F1xx_HAL_Driver/Src/stm32f1xx_hal.c **** 
 460:Drivers/STM32F1xx_HAL_Driver/Src/stm32f1xx_hal.c **** /**
 461:Drivers/STM32F1xx_HAL_Driver/Src/stm32f1xx_hal.c ****   * @brief  Returns first word of the unique device identifier (UID based on 96 bits)
 462:Drivers/STM32F1xx_HAL_Driver/Src/stm32f1xx_hal.c ****   * @retval Device identifier
 463:Drivers/STM32F1xx_HAL_Driver/Src/stm32f1xx_hal.c ****   */
 464:Drivers/STM32F1xx_HAL_Driver/Src/stm32f1xx_hal.c **** uint32_t HAL_GetUIDw0(void)
 465:Drivers/STM32F1xx_HAL_Driver/Src/stm32f1xx_hal.c **** {
 637              		.loc 1 465 1 is_stmt 1 view -0
 638              		.cfi_startproc
 639              		@ args = 0, pretend = 0, frame = 0
 640              		@ frame_needed = 0, uses_anonymous_args = 0
 641              		@ link register save eliminated.
 466:Drivers/STM32F1xx_HAL_Driver/Src/stm32f1xx_hal.c ****    return(READ_REG(*((uint32_t *)UID_BASE)));
 642              		.loc 1 466 4 view .LVU123
 467:Drivers/STM32F1xx_HAL_Driver/Src/stm32f1xx_hal.c **** }
 643              		.loc 1 467 1 is_stmt 0 view .LVU124
 644 0000 014B     		ldr	r3, .L64
 645 0002 D3F8E807 		ldr	r0, [r3, #2024]
 646 0006 7047     		bx	lr
 647              	.L65:
 648              		.align	2
 649              	.L64:
 650 0008 00F0FF1F 		.word	536866816
 651              		.cfi_endproc
 652              	.LFE81:
 654              		.section	.text.HAL_GetUIDw1,"ax",%progbits
 655              		.align	1
 656              		.global	HAL_GetUIDw1
 657              		.syntax unified
 658              		.thumb
 659              		.thumb_func
 661              	HAL_GetUIDw1:
 662              	.LFB82:
 468:Drivers/STM32F1xx_HAL_Driver/Src/stm32f1xx_hal.c **** 
 469:Drivers/STM32F1xx_HAL_Driver/Src/stm32f1xx_hal.c **** /**
 470:Drivers/STM32F1xx_HAL_Driver/Src/stm32f1xx_hal.c ****   * @brief  Returns second word of the unique device identifier (UID based on 96 bits)
ARM GAS  /tmp/ccur3hJ9.s 			page 21


 471:Drivers/STM32F1xx_HAL_Driver/Src/stm32f1xx_hal.c ****   * @retval Device identifier
 472:Drivers/STM32F1xx_HAL_Driver/Src/stm32f1xx_hal.c ****   */
 473:Drivers/STM32F1xx_HAL_Driver/Src/stm32f1xx_hal.c **** uint32_t HAL_GetUIDw1(void)
 474:Drivers/STM32F1xx_HAL_Driver/Src/stm32f1xx_hal.c **** {
 663              		.loc 1 474 1 is_stmt 1 view -0
 664              		.cfi_startproc
 665              		@ args = 0, pretend = 0, frame = 0
 666              		@ frame_needed = 0, uses_anonymous_args = 0
 667              		@ link register save eliminated.
 475:Drivers/STM32F1xx_HAL_Driver/Src/stm32f1xx_hal.c ****    return(READ_REG(*((uint32_t *)(UID_BASE + 4U))));
 668              		.loc 1 475 4 view .LVU126
 476:Drivers/STM32F1xx_HAL_Driver/Src/stm32f1xx_hal.c **** }
 669              		.loc 1 476 1 is_stmt 0 view .LVU127
 670 0000 014B     		ldr	r3, .L67
 671 0002 D3F8EC07 		ldr	r0, [r3, #2028]
 672 0006 7047     		bx	lr
 673              	.L68:
 674              		.align	2
 675              	.L67:
 676 0008 00F0FF1F 		.word	536866816
 677              		.cfi_endproc
 678              	.LFE82:
 680              		.section	.text.HAL_GetUIDw2,"ax",%progbits
 681              		.align	1
 682              		.global	HAL_GetUIDw2
 683              		.syntax unified
 684              		.thumb
 685              		.thumb_func
 687              	HAL_GetUIDw2:
 688              	.LFB83:
 477:Drivers/STM32F1xx_HAL_Driver/Src/stm32f1xx_hal.c **** 
 478:Drivers/STM32F1xx_HAL_Driver/Src/stm32f1xx_hal.c **** /**
 479:Drivers/STM32F1xx_HAL_Driver/Src/stm32f1xx_hal.c ****   * @brief  Returns third word of the unique device identifier (UID based on 96 bits)
 480:Drivers/STM32F1xx_HAL_Driver/Src/stm32f1xx_hal.c ****   * @retval Device identifier
 481:Drivers/STM32F1xx_HAL_Driver/Src/stm32f1xx_hal.c ****   */
 482:Drivers/STM32F1xx_HAL_Driver/Src/stm32f1xx_hal.c **** uint32_t HAL_GetUIDw2(void)
 483:Drivers/STM32F1xx_HAL_Driver/Src/stm32f1xx_hal.c **** {
 689              		.loc 1 483 1 is_stmt 1 view -0
 690              		.cfi_startproc
 691              		@ args = 0, pretend = 0, frame = 0
 692              		@ frame_needed = 0, uses_anonymous_args = 0
 693              		@ link register save eliminated.
 484:Drivers/STM32F1xx_HAL_Driver/Src/stm32f1xx_hal.c ****    return(READ_REG(*((uint32_t *)(UID_BASE + 8U))));
 694              		.loc 1 484 4 view .LVU129
 485:Drivers/STM32F1xx_HAL_Driver/Src/stm32f1xx_hal.c **** }
 695              		.loc 1 485 1 is_stmt 0 view .LVU130
 696 0000 014B     		ldr	r3, .L70
 697 0002 D3F8F007 		ldr	r0, [r3, #2032]
 698 0006 7047     		bx	lr
 699              	.L71:
 700              		.align	2
 701              	.L70:
 702 0008 00F0FF1F 		.word	536866816
 703              		.cfi_endproc
 704              	.LFE83:
 706              		.section	.text.HAL_DBGMCU_EnableDBGSleepMode,"ax",%progbits
 707              		.align	1
ARM GAS  /tmp/ccur3hJ9.s 			page 22


 708              		.global	HAL_DBGMCU_EnableDBGSleepMode
 709              		.syntax unified
 710              		.thumb
 711              		.thumb_func
 713              	HAL_DBGMCU_EnableDBGSleepMode:
 714              	.LFB84:
 486:Drivers/STM32F1xx_HAL_Driver/Src/stm32f1xx_hal.c **** 
 487:Drivers/STM32F1xx_HAL_Driver/Src/stm32f1xx_hal.c **** /**
 488:Drivers/STM32F1xx_HAL_Driver/Src/stm32f1xx_hal.c ****   * @brief  Enable the Debug Module during SLEEP mode
 489:Drivers/STM32F1xx_HAL_Driver/Src/stm32f1xx_hal.c ****   * @retval None
 490:Drivers/STM32F1xx_HAL_Driver/Src/stm32f1xx_hal.c ****   */
 491:Drivers/STM32F1xx_HAL_Driver/Src/stm32f1xx_hal.c **** void HAL_DBGMCU_EnableDBGSleepMode(void)
 492:Drivers/STM32F1xx_HAL_Driver/Src/stm32f1xx_hal.c **** {
 715              		.loc 1 492 1 is_stmt 1 view -0
 716              		.cfi_startproc
 717              		@ args = 0, pretend = 0, frame = 0
 718              		@ frame_needed = 0, uses_anonymous_args = 0
 719              		@ link register save eliminated.
 493:Drivers/STM32F1xx_HAL_Driver/Src/stm32f1xx_hal.c ****   SET_BIT(DBGMCU->CR, DBGMCU_CR_DBG_SLEEP);
 720              		.loc 1 493 3 view .LVU132
 721 0000 024A     		ldr	r2, .L73
 722 0002 5368     		ldr	r3, [r2, #4]
 723 0004 43F00103 		orr	r3, r3, #1
 724 0008 5360     		str	r3, [r2, #4]
 494:Drivers/STM32F1xx_HAL_Driver/Src/stm32f1xx_hal.c **** }
 725              		.loc 1 494 1 is_stmt 0 view .LVU133
 726 000a 7047     		bx	lr
 727              	.L74:
 728              		.align	2
 729              	.L73:
 730 000c 002004E0 		.word	-536600576
 731              		.cfi_endproc
 732              	.LFE84:
 734              		.section	.text.HAL_DBGMCU_DisableDBGSleepMode,"ax",%progbits
 735              		.align	1
 736              		.global	HAL_DBGMCU_DisableDBGSleepMode
 737              		.syntax unified
 738              		.thumb
 739              		.thumb_func
 741              	HAL_DBGMCU_DisableDBGSleepMode:
 742              	.LFB85:
 495:Drivers/STM32F1xx_HAL_Driver/Src/stm32f1xx_hal.c **** 
 496:Drivers/STM32F1xx_HAL_Driver/Src/stm32f1xx_hal.c **** /**
 497:Drivers/STM32F1xx_HAL_Driver/Src/stm32f1xx_hal.c ****   * @brief  Disable the Debug Module during SLEEP mode
 498:Drivers/STM32F1xx_HAL_Driver/Src/stm32f1xx_hal.c ****   * Note: On devices STM32F10xx8 and STM32F10xxB,
 499:Drivers/STM32F1xx_HAL_Driver/Src/stm32f1xx_hal.c ****   *                  STM32F101xC/D/E and STM32F103xC/D/E,
 500:Drivers/STM32F1xx_HAL_Driver/Src/stm32f1xx_hal.c ****   *                  STM32F101xF/G and STM32F103xF/G
 501:Drivers/STM32F1xx_HAL_Driver/Src/stm32f1xx_hal.c ****   *                  STM32F10xx4 and STM32F10xx6
 502:Drivers/STM32F1xx_HAL_Driver/Src/stm32f1xx_hal.c ****   *       Debug registers DBGMCU_IDCODE and DBGMCU_CR are accessible only in
 503:Drivers/STM32F1xx_HAL_Driver/Src/stm32f1xx_hal.c ****   *       debug mode (not accessible by the user software in normal mode).
 504:Drivers/STM32F1xx_HAL_Driver/Src/stm32f1xx_hal.c ****   *       Refer to errata sheet of these devices for more details.
 505:Drivers/STM32F1xx_HAL_Driver/Src/stm32f1xx_hal.c ****   * @retval None
 506:Drivers/STM32F1xx_HAL_Driver/Src/stm32f1xx_hal.c ****   */
 507:Drivers/STM32F1xx_HAL_Driver/Src/stm32f1xx_hal.c **** void HAL_DBGMCU_DisableDBGSleepMode(void)
 508:Drivers/STM32F1xx_HAL_Driver/Src/stm32f1xx_hal.c **** {
 743              		.loc 1 508 1 is_stmt 1 view -0
 744              		.cfi_startproc
ARM GAS  /tmp/ccur3hJ9.s 			page 23


 745              		@ args = 0, pretend = 0, frame = 0
 746              		@ frame_needed = 0, uses_anonymous_args = 0
 747              		@ link register save eliminated.
 509:Drivers/STM32F1xx_HAL_Driver/Src/stm32f1xx_hal.c ****   CLEAR_BIT(DBGMCU->CR, DBGMCU_CR_DBG_SLEEP);
 748              		.loc 1 509 3 view .LVU135
 749 0000 024A     		ldr	r2, .L76
 750 0002 5368     		ldr	r3, [r2, #4]
 751 0004 23F00103 		bic	r3, r3, #1
 752 0008 5360     		str	r3, [r2, #4]
 510:Drivers/STM32F1xx_HAL_Driver/Src/stm32f1xx_hal.c **** }
 753              		.loc 1 510 1 is_stmt 0 view .LVU136
 754 000a 7047     		bx	lr
 755              	.L77:
 756              		.align	2
 757              	.L76:
 758 000c 002004E0 		.word	-536600576
 759              		.cfi_endproc
 760              	.LFE85:
 762              		.section	.text.HAL_DBGMCU_EnableDBGStopMode,"ax",%progbits
 763              		.align	1
 764              		.global	HAL_DBGMCU_EnableDBGStopMode
 765              		.syntax unified
 766              		.thumb
 767              		.thumb_func
 769              	HAL_DBGMCU_EnableDBGStopMode:
 770              	.LFB86:
 511:Drivers/STM32F1xx_HAL_Driver/Src/stm32f1xx_hal.c **** 
 512:Drivers/STM32F1xx_HAL_Driver/Src/stm32f1xx_hal.c **** /**
 513:Drivers/STM32F1xx_HAL_Driver/Src/stm32f1xx_hal.c ****   * @brief  Enable the Debug Module during STOP mode
 514:Drivers/STM32F1xx_HAL_Driver/Src/stm32f1xx_hal.c ****   * Note: On devices STM32F10xx8 and STM32F10xxB,
 515:Drivers/STM32F1xx_HAL_Driver/Src/stm32f1xx_hal.c ****   *                  STM32F101xC/D/E and STM32F103xC/D/E,
 516:Drivers/STM32F1xx_HAL_Driver/Src/stm32f1xx_hal.c ****   *                  STM32F101xF/G and STM32F103xF/G
 517:Drivers/STM32F1xx_HAL_Driver/Src/stm32f1xx_hal.c ****   *                  STM32F10xx4 and STM32F10xx6
 518:Drivers/STM32F1xx_HAL_Driver/Src/stm32f1xx_hal.c ****   *       Debug registers DBGMCU_IDCODE and DBGMCU_CR are accessible only in
 519:Drivers/STM32F1xx_HAL_Driver/Src/stm32f1xx_hal.c ****   *       debug mode (not accessible by the user software in normal mode).
 520:Drivers/STM32F1xx_HAL_Driver/Src/stm32f1xx_hal.c ****   *       Refer to errata sheet of these devices for more details.
 521:Drivers/STM32F1xx_HAL_Driver/Src/stm32f1xx_hal.c ****   * Note: On all STM32F1 devices:
 522:Drivers/STM32F1xx_HAL_Driver/Src/stm32f1xx_hal.c ****   *       If the system tick timer interrupt is enabled during the Stop mode
 523:Drivers/STM32F1xx_HAL_Driver/Src/stm32f1xx_hal.c ****   *       debug (DBG_STOP bit set in the DBGMCU_CR register ), it will wakeup
 524:Drivers/STM32F1xx_HAL_Driver/Src/stm32f1xx_hal.c ****   *       the system from Stop mode.
 525:Drivers/STM32F1xx_HAL_Driver/Src/stm32f1xx_hal.c ****   *       Workaround: To debug the Stop mode, disable the system tick timer
 526:Drivers/STM32F1xx_HAL_Driver/Src/stm32f1xx_hal.c ****   *       interrupt.
 527:Drivers/STM32F1xx_HAL_Driver/Src/stm32f1xx_hal.c ****   *       Refer to errata sheet of these devices for more details.
 528:Drivers/STM32F1xx_HAL_Driver/Src/stm32f1xx_hal.c ****   * Note: On all STM32F1 devices:
 529:Drivers/STM32F1xx_HAL_Driver/Src/stm32f1xx_hal.c ****   *       If the system tick timer interrupt is enabled during the Stop mode
 530:Drivers/STM32F1xx_HAL_Driver/Src/stm32f1xx_hal.c ****   *       debug (DBG_STOP bit set in the DBGMCU_CR register ), it will wakeup
 531:Drivers/STM32F1xx_HAL_Driver/Src/stm32f1xx_hal.c ****   *       the system from Stop mode.
 532:Drivers/STM32F1xx_HAL_Driver/Src/stm32f1xx_hal.c ****   *       Workaround: To debug the Stop mode, disable the system tick timer
 533:Drivers/STM32F1xx_HAL_Driver/Src/stm32f1xx_hal.c ****   *       interrupt.
 534:Drivers/STM32F1xx_HAL_Driver/Src/stm32f1xx_hal.c ****   *       Refer to errata sheet of these devices for more details.
 535:Drivers/STM32F1xx_HAL_Driver/Src/stm32f1xx_hal.c ****   * @retval None
 536:Drivers/STM32F1xx_HAL_Driver/Src/stm32f1xx_hal.c ****   */
 537:Drivers/STM32F1xx_HAL_Driver/Src/stm32f1xx_hal.c **** void HAL_DBGMCU_EnableDBGStopMode(void)
 538:Drivers/STM32F1xx_HAL_Driver/Src/stm32f1xx_hal.c **** {
 771              		.loc 1 538 1 is_stmt 1 view -0
 772              		.cfi_startproc
 773              		@ args = 0, pretend = 0, frame = 0
ARM GAS  /tmp/ccur3hJ9.s 			page 24


 774              		@ frame_needed = 0, uses_anonymous_args = 0
 775              		@ link register save eliminated.
 539:Drivers/STM32F1xx_HAL_Driver/Src/stm32f1xx_hal.c ****   SET_BIT(DBGMCU->CR, DBGMCU_CR_DBG_STOP);
 776              		.loc 1 539 3 view .LVU138
 777 0000 024A     		ldr	r2, .L79
 778 0002 5368     		ldr	r3, [r2, #4]
 779 0004 43F00203 		orr	r3, r3, #2
 780 0008 5360     		str	r3, [r2, #4]
 540:Drivers/STM32F1xx_HAL_Driver/Src/stm32f1xx_hal.c **** }
 781              		.loc 1 540 1 is_stmt 0 view .LVU139
 782 000a 7047     		bx	lr
 783              	.L80:
 784              		.align	2
 785              	.L79:
 786 000c 002004E0 		.word	-536600576
 787              		.cfi_endproc
 788              	.LFE86:
 790              		.section	.text.HAL_DBGMCU_DisableDBGStopMode,"ax",%progbits
 791              		.align	1
 792              		.global	HAL_DBGMCU_DisableDBGStopMode
 793              		.syntax unified
 794              		.thumb
 795              		.thumb_func
 797              	HAL_DBGMCU_DisableDBGStopMode:
 798              	.LFB87:
 541:Drivers/STM32F1xx_HAL_Driver/Src/stm32f1xx_hal.c **** 
 542:Drivers/STM32F1xx_HAL_Driver/Src/stm32f1xx_hal.c **** /**
 543:Drivers/STM32F1xx_HAL_Driver/Src/stm32f1xx_hal.c ****   * @brief  Disable the Debug Module during STOP mode
 544:Drivers/STM32F1xx_HAL_Driver/Src/stm32f1xx_hal.c ****   * Note: On devices STM32F10xx8 and STM32F10xxB,
 545:Drivers/STM32F1xx_HAL_Driver/Src/stm32f1xx_hal.c ****   *                  STM32F101xC/D/E and STM32F103xC/D/E,
 546:Drivers/STM32F1xx_HAL_Driver/Src/stm32f1xx_hal.c ****   *                  STM32F101xF/G and STM32F103xF/G
 547:Drivers/STM32F1xx_HAL_Driver/Src/stm32f1xx_hal.c ****   *                  STM32F10xx4 and STM32F10xx6
 548:Drivers/STM32F1xx_HAL_Driver/Src/stm32f1xx_hal.c ****   *       Debug registers DBGMCU_IDCODE and DBGMCU_CR are accessible only in
 549:Drivers/STM32F1xx_HAL_Driver/Src/stm32f1xx_hal.c ****   *       debug mode (not accessible by the user software in normal mode).
 550:Drivers/STM32F1xx_HAL_Driver/Src/stm32f1xx_hal.c ****   *       Refer to errata sheet of these devices for more details.
 551:Drivers/STM32F1xx_HAL_Driver/Src/stm32f1xx_hal.c ****   * @retval None
 552:Drivers/STM32F1xx_HAL_Driver/Src/stm32f1xx_hal.c ****   */
 553:Drivers/STM32F1xx_HAL_Driver/Src/stm32f1xx_hal.c **** void HAL_DBGMCU_DisableDBGStopMode(void)
 554:Drivers/STM32F1xx_HAL_Driver/Src/stm32f1xx_hal.c **** {
 799              		.loc 1 554 1 is_stmt 1 view -0
 800              		.cfi_startproc
 801              		@ args = 0, pretend = 0, frame = 0
 802              		@ frame_needed = 0, uses_anonymous_args = 0
 803              		@ link register save eliminated.
 555:Drivers/STM32F1xx_HAL_Driver/Src/stm32f1xx_hal.c ****   CLEAR_BIT(DBGMCU->CR, DBGMCU_CR_DBG_STOP);
 804              		.loc 1 555 3 view .LVU141
 805 0000 024A     		ldr	r2, .L82
 806 0002 5368     		ldr	r3, [r2, #4]
 807 0004 23F00203 		bic	r3, r3, #2
 808 0008 5360     		str	r3, [r2, #4]
 556:Drivers/STM32F1xx_HAL_Driver/Src/stm32f1xx_hal.c **** }
 809              		.loc 1 556 1 is_stmt 0 view .LVU142
 810 000a 7047     		bx	lr
 811              	.L83:
 812              		.align	2
 813              	.L82:
 814 000c 002004E0 		.word	-536600576
ARM GAS  /tmp/ccur3hJ9.s 			page 25


 815              		.cfi_endproc
 816              	.LFE87:
 818              		.section	.text.HAL_DBGMCU_EnableDBGStandbyMode,"ax",%progbits
 819              		.align	1
 820              		.global	HAL_DBGMCU_EnableDBGStandbyMode
 821              		.syntax unified
 822              		.thumb
 823              		.thumb_func
 825              	HAL_DBGMCU_EnableDBGStandbyMode:
 826              	.LFB88:
 557:Drivers/STM32F1xx_HAL_Driver/Src/stm32f1xx_hal.c **** 
 558:Drivers/STM32F1xx_HAL_Driver/Src/stm32f1xx_hal.c **** /**
 559:Drivers/STM32F1xx_HAL_Driver/Src/stm32f1xx_hal.c ****   * @brief  Enable the Debug Module during STANDBY mode
 560:Drivers/STM32F1xx_HAL_Driver/Src/stm32f1xx_hal.c ****   * Note: On devices STM32F10xx8 and STM32F10xxB,
 561:Drivers/STM32F1xx_HAL_Driver/Src/stm32f1xx_hal.c ****   *                  STM32F101xC/D/E and STM32F103xC/D/E,
 562:Drivers/STM32F1xx_HAL_Driver/Src/stm32f1xx_hal.c ****   *                  STM32F101xF/G and STM32F103xF/G
 563:Drivers/STM32F1xx_HAL_Driver/Src/stm32f1xx_hal.c ****   *                  STM32F10xx4 and STM32F10xx6
 564:Drivers/STM32F1xx_HAL_Driver/Src/stm32f1xx_hal.c ****   *       Debug registers DBGMCU_IDCODE and DBGMCU_CR are accessible only in
 565:Drivers/STM32F1xx_HAL_Driver/Src/stm32f1xx_hal.c ****   *       debug mode (not accessible by the user software in normal mode).
 566:Drivers/STM32F1xx_HAL_Driver/Src/stm32f1xx_hal.c ****   *       Refer to errata sheet of these devices for more details.
 567:Drivers/STM32F1xx_HAL_Driver/Src/stm32f1xx_hal.c ****   * @retval None
 568:Drivers/STM32F1xx_HAL_Driver/Src/stm32f1xx_hal.c ****   */
 569:Drivers/STM32F1xx_HAL_Driver/Src/stm32f1xx_hal.c **** void HAL_DBGMCU_EnableDBGStandbyMode(void)
 570:Drivers/STM32F1xx_HAL_Driver/Src/stm32f1xx_hal.c **** {
 827              		.loc 1 570 1 is_stmt 1 view -0
 828              		.cfi_startproc
 829              		@ args = 0, pretend = 0, frame = 0
 830              		@ frame_needed = 0, uses_anonymous_args = 0
 831              		@ link register save eliminated.
 571:Drivers/STM32F1xx_HAL_Driver/Src/stm32f1xx_hal.c ****   SET_BIT(DBGMCU->CR, DBGMCU_CR_DBG_STANDBY);
 832              		.loc 1 571 3 view .LVU144
 833 0000 024A     		ldr	r2, .L85
 834 0002 5368     		ldr	r3, [r2, #4]
 835 0004 43F00403 		orr	r3, r3, #4
 836 0008 5360     		str	r3, [r2, #4]
 572:Drivers/STM32F1xx_HAL_Driver/Src/stm32f1xx_hal.c **** }
 837              		.loc 1 572 1 is_stmt 0 view .LVU145
 838 000a 7047     		bx	lr
 839              	.L86:
 840              		.align	2
 841              	.L85:
 842 000c 002004E0 		.word	-536600576
 843              		.cfi_endproc
 844              	.LFE88:
 846              		.section	.text.HAL_DBGMCU_DisableDBGStandbyMode,"ax",%progbits
 847              		.align	1
 848              		.global	HAL_DBGMCU_DisableDBGStandbyMode
 849              		.syntax unified
 850              		.thumb
 851              		.thumb_func
 853              	HAL_DBGMCU_DisableDBGStandbyMode:
 854              	.LFB89:
 573:Drivers/STM32F1xx_HAL_Driver/Src/stm32f1xx_hal.c **** 
 574:Drivers/STM32F1xx_HAL_Driver/Src/stm32f1xx_hal.c **** /**
 575:Drivers/STM32F1xx_HAL_Driver/Src/stm32f1xx_hal.c ****   * @brief  Disable the Debug Module during STANDBY mode
 576:Drivers/STM32F1xx_HAL_Driver/Src/stm32f1xx_hal.c ****   * Note: On devices STM32F10xx8 and STM32F10xxB,
 577:Drivers/STM32F1xx_HAL_Driver/Src/stm32f1xx_hal.c ****   *                  STM32F101xC/D/E and STM32F103xC/D/E,
ARM GAS  /tmp/ccur3hJ9.s 			page 26


 578:Drivers/STM32F1xx_HAL_Driver/Src/stm32f1xx_hal.c ****   *                  STM32F101xF/G and STM32F103xF/G
 579:Drivers/STM32F1xx_HAL_Driver/Src/stm32f1xx_hal.c ****   *                  STM32F10xx4 and STM32F10xx6
 580:Drivers/STM32F1xx_HAL_Driver/Src/stm32f1xx_hal.c ****   *       Debug registers DBGMCU_IDCODE and DBGMCU_CR are accessible only in
 581:Drivers/STM32F1xx_HAL_Driver/Src/stm32f1xx_hal.c ****   *       debug mode (not accessible by the user software in normal mode).
 582:Drivers/STM32F1xx_HAL_Driver/Src/stm32f1xx_hal.c ****   *       Refer to errata sheet of these devices for more details.
 583:Drivers/STM32F1xx_HAL_Driver/Src/stm32f1xx_hal.c ****   * @retval None
 584:Drivers/STM32F1xx_HAL_Driver/Src/stm32f1xx_hal.c ****   */
 585:Drivers/STM32F1xx_HAL_Driver/Src/stm32f1xx_hal.c **** void HAL_DBGMCU_DisableDBGStandbyMode(void)
 586:Drivers/STM32F1xx_HAL_Driver/Src/stm32f1xx_hal.c **** {
 855              		.loc 1 586 1 is_stmt 1 view -0
 856              		.cfi_startproc
 857              		@ args = 0, pretend = 0, frame = 0
 858              		@ frame_needed = 0, uses_anonymous_args = 0
 859              		@ link register save eliminated.
 587:Drivers/STM32F1xx_HAL_Driver/Src/stm32f1xx_hal.c ****   CLEAR_BIT(DBGMCU->CR, DBGMCU_CR_DBG_STANDBY);
 860              		.loc 1 587 3 view .LVU147
 861 0000 024A     		ldr	r2, .L88
 862 0002 5368     		ldr	r3, [r2, #4]
 863 0004 23F00403 		bic	r3, r3, #4
 864 0008 5360     		str	r3, [r2, #4]
 588:Drivers/STM32F1xx_HAL_Driver/Src/stm32f1xx_hal.c **** }
 865              		.loc 1 588 1 is_stmt 0 view .LVU148
 866 000a 7047     		bx	lr
 867              	.L89:
 868              		.align	2
 869              	.L88:
 870 000c 002004E0 		.word	-536600576
 871              		.cfi_endproc
 872              	.LFE89:
 874              		.global	uwTickFreq
 875              		.section	.data.uwTickFreq,"aw"
 878              	uwTickFreq:
 879 0000 01       		.byte	1
 880              		.global	uwTickPrio
 881              		.section	.data.uwTickPrio,"aw"
 882              		.align	2
 885              	uwTickPrio:
 886 0000 10000000 		.word	16
 887              		.global	uwTick
 888              		.section	.bss.uwTick,"aw",%nobits
 889              		.align	2
 892              	uwTick:
 893 0000 00000000 		.space	4
 894              		.text
 895              	.Letext0:
 896              		.file 2 "Drivers/CMSIS/Device/ST/STM32F1xx/Include/stm32f103xb.h"
 897              		.file 3 "/home/paul/.config/Code/User/globalStorage/bmd.stm32-for-vscode/@xpack-dev-tools/arm-none
 898              		.file 4 "/home/paul/.config/Code/User/globalStorage/bmd.stm32-for-vscode/@xpack-dev-tools/arm-none
 899              		.file 5 "Drivers/CMSIS/Include/core_cm3.h"
 900              		.file 6 "Drivers/STM32F1xx_HAL_Driver/Inc/stm32f1xx_hal_def.h"
 901              		.file 7 "Drivers/STM32F1xx_HAL_Driver/Inc/stm32f1xx_hal.h"
 902              		.file 8 "Drivers/CMSIS/Device/ST/STM32F1xx/Include/system_stm32f1xx.h"
 903              		.file 9 "Core/Inc/stm32f1xx_hal_conf.h"
 904              		.file 10 "Drivers/STM32F1xx_HAL_Driver/Inc/stm32f1xx_hal_cortex.h"
ARM GAS  /tmp/ccur3hJ9.s 			page 27


DEFINED SYMBOLS
                            *ABS*:00000000 stm32f1xx_hal.c
     /tmp/ccur3hJ9.s:19     .text.HAL_MspInit:00000000 $t
     /tmp/ccur3hJ9.s:25     .text.HAL_MspInit:00000000 HAL_MspInit
     /tmp/ccur3hJ9.s:38     .text.HAL_MspDeInit:00000000 $t
     /tmp/ccur3hJ9.s:44     .text.HAL_MspDeInit:00000000 HAL_MspDeInit
     /tmp/ccur3hJ9.s:56     .text.HAL_DeInit:00000000 $t
     /tmp/ccur3hJ9.s:62     .text.HAL_DeInit:00000000 HAL_DeInit
     /tmp/ccur3hJ9.s:97     .text.HAL_DeInit:0000001c $d
     /tmp/ccur3hJ9.s:102    .text.HAL_InitTick:00000000 $t
     /tmp/ccur3hJ9.s:108    .text.HAL_InitTick:00000000 HAL_InitTick
     /tmp/ccur3hJ9.s:178    .text.HAL_InitTick:0000003c $d
     /tmp/ccur3hJ9.s:878    .data.uwTickFreq:00000000 uwTickFreq
     /tmp/ccur3hJ9.s:885    .data.uwTickPrio:00000000 uwTickPrio
     /tmp/ccur3hJ9.s:185    .text.HAL_Init:00000000 $t
     /tmp/ccur3hJ9.s:191    .text.HAL_Init:00000000 HAL_Init
     /tmp/ccur3hJ9.s:228    .text.HAL_Init:00000020 $d
     /tmp/ccur3hJ9.s:233    .text.HAL_IncTick:00000000 $t
     /tmp/ccur3hJ9.s:239    .text.HAL_IncTick:00000000 HAL_IncTick
     /tmp/ccur3hJ9.s:259    .text.HAL_IncTick:00000010 $d
     /tmp/ccur3hJ9.s:892    .bss.uwTick:00000000 uwTick
     /tmp/ccur3hJ9.s:265    .text.HAL_GetTick:00000000 $t
     /tmp/ccur3hJ9.s:271    .text.HAL_GetTick:00000000 HAL_GetTick
     /tmp/ccur3hJ9.s:287    .text.HAL_GetTick:00000008 $d
     /tmp/ccur3hJ9.s:292    .text.HAL_GetTickPrio:00000000 $t
     /tmp/ccur3hJ9.s:298    .text.HAL_GetTickPrio:00000000 HAL_GetTickPrio
     /tmp/ccur3hJ9.s:313    .text.HAL_GetTickPrio:00000008 $d
     /tmp/ccur3hJ9.s:321    .text.HAL_SetTickFreq:00000000 $t
     /tmp/ccur3hJ9.s:327    .text.HAL_SetTickFreq:00000000 HAL_SetTickFreq
     /tmp/ccur3hJ9.s:403    .text.HAL_SetTickFreq:00000038 $d
     /tmp/ccur3hJ9.s:410    .text.HAL_GetTickFreq:00000000 $t
     /tmp/ccur3hJ9.s:416    .text.HAL_GetTickFreq:00000000 HAL_GetTickFreq
     /tmp/ccur3hJ9.s:431    .text.HAL_GetTickFreq:00000008 $d
     /tmp/ccur3hJ9.s:436    .text.HAL_Delay:00000000 $t
     /tmp/ccur3hJ9.s:442    .text.HAL_Delay:00000000 HAL_Delay
     /tmp/ccur3hJ9.s:495    .text.HAL_Delay:00000020 $d
     /tmp/ccur3hJ9.s:500    .text.HAL_SuspendTick:00000000 $t
     /tmp/ccur3hJ9.s:506    .text.HAL_SuspendTick:00000000 HAL_SuspendTick
     /tmp/ccur3hJ9.s:524    .text.HAL_ResumeTick:00000000 $t
     /tmp/ccur3hJ9.s:530    .text.HAL_ResumeTick:00000000 HAL_ResumeTick
     /tmp/ccur3hJ9.s:548    .text.HAL_GetHalVersion:00000000 $t
     /tmp/ccur3hJ9.s:554    .text.HAL_GetHalVersion:00000000 HAL_GetHalVersion
     /tmp/ccur3hJ9.s:568    .text.HAL_GetHalVersion:00000004 $d
     /tmp/ccur3hJ9.s:573    .text.HAL_GetREVID:00000000 $t
     /tmp/ccur3hJ9.s:579    .text.HAL_GetREVID:00000000 HAL_GetREVID
     /tmp/ccur3hJ9.s:596    .text.HAL_GetREVID:00000008 $d
     /tmp/ccur3hJ9.s:601    .text.HAL_GetDEVID:00000000 $t
     /tmp/ccur3hJ9.s:607    .text.HAL_GetDEVID:00000000 HAL_GetDEVID
     /tmp/ccur3hJ9.s:624    .text.HAL_GetDEVID:0000000c $d
     /tmp/ccur3hJ9.s:629    .text.HAL_GetUIDw0:00000000 $t
     /tmp/ccur3hJ9.s:635    .text.HAL_GetUIDw0:00000000 HAL_GetUIDw0
     /tmp/ccur3hJ9.s:650    .text.HAL_GetUIDw0:00000008 $d
     /tmp/ccur3hJ9.s:655    .text.HAL_GetUIDw1:00000000 $t
     /tmp/ccur3hJ9.s:661    .text.HAL_GetUIDw1:00000000 HAL_GetUIDw1
     /tmp/ccur3hJ9.s:676    .text.HAL_GetUIDw1:00000008 $d
     /tmp/ccur3hJ9.s:681    .text.HAL_GetUIDw2:00000000 $t
     /tmp/ccur3hJ9.s:687    .text.HAL_GetUIDw2:00000000 HAL_GetUIDw2
ARM GAS  /tmp/ccur3hJ9.s 			page 28


     /tmp/ccur3hJ9.s:702    .text.HAL_GetUIDw2:00000008 $d
     /tmp/ccur3hJ9.s:707    .text.HAL_DBGMCU_EnableDBGSleepMode:00000000 $t
     /tmp/ccur3hJ9.s:713    .text.HAL_DBGMCU_EnableDBGSleepMode:00000000 HAL_DBGMCU_EnableDBGSleepMode
     /tmp/ccur3hJ9.s:730    .text.HAL_DBGMCU_EnableDBGSleepMode:0000000c $d
     /tmp/ccur3hJ9.s:735    .text.HAL_DBGMCU_DisableDBGSleepMode:00000000 $t
     /tmp/ccur3hJ9.s:741    .text.HAL_DBGMCU_DisableDBGSleepMode:00000000 HAL_DBGMCU_DisableDBGSleepMode
     /tmp/ccur3hJ9.s:758    .text.HAL_DBGMCU_DisableDBGSleepMode:0000000c $d
     /tmp/ccur3hJ9.s:763    .text.HAL_DBGMCU_EnableDBGStopMode:00000000 $t
     /tmp/ccur3hJ9.s:769    .text.HAL_DBGMCU_EnableDBGStopMode:00000000 HAL_DBGMCU_EnableDBGStopMode
     /tmp/ccur3hJ9.s:786    .text.HAL_DBGMCU_EnableDBGStopMode:0000000c $d
     /tmp/ccur3hJ9.s:791    .text.HAL_DBGMCU_DisableDBGStopMode:00000000 $t
     /tmp/ccur3hJ9.s:797    .text.HAL_DBGMCU_DisableDBGStopMode:00000000 HAL_DBGMCU_DisableDBGStopMode
     /tmp/ccur3hJ9.s:814    .text.HAL_DBGMCU_DisableDBGStopMode:0000000c $d
     /tmp/ccur3hJ9.s:819    .text.HAL_DBGMCU_EnableDBGStandbyMode:00000000 $t
     /tmp/ccur3hJ9.s:825    .text.HAL_DBGMCU_EnableDBGStandbyMode:00000000 HAL_DBGMCU_EnableDBGStandbyMode
     /tmp/ccur3hJ9.s:842    .text.HAL_DBGMCU_EnableDBGStandbyMode:0000000c $d
     /tmp/ccur3hJ9.s:847    .text.HAL_DBGMCU_DisableDBGStandbyMode:00000000 $t
     /tmp/ccur3hJ9.s:853    .text.HAL_DBGMCU_DisableDBGStandbyMode:00000000 HAL_DBGMCU_DisableDBGStandbyMode
     /tmp/ccur3hJ9.s:870    .text.HAL_DBGMCU_DisableDBGStandbyMode:0000000c $d
     /tmp/ccur3hJ9.s:882    .data.uwTickPrio:00000000 $d
     /tmp/ccur3hJ9.s:889    .bss.uwTick:00000000 $d

UNDEFINED SYMBOLS
HAL_SYSTICK_Config
HAL_NVIC_SetPriority
SystemCoreClock
HAL_NVIC_SetPriorityGrouping
assert_failed
